{"/Users/sth1pal/Documents/Development/JavaScript/nodejs/ts6/dev/hsLibs/mithril/hsLayout/src/Config.ts": {"path":"/Users/sth1pal/Documents/Development/JavaScript/nodejs/ts6/dev/hsLibs/mithril/hsLayout/src/Config.ts","statementMap":{"0":{"start":{"line":60,"column":0},"end":{"line":60,"column":36}},"1":{"start":{"line":67,"column":30},"end":{"line":67,"column":48}},"2":{"start":{"line":68,"column":8},"end":{"line":74,"column":9}},"3":{"start":{"line":69,"column":12},"end":{"line":71,"column":17}},"4":{"start":{"line":69,"column":35},"end":{"line":71,"column":15}},"5":{"start":{"line":70,"column":16},"end":{"line":70,"column":63}},"6":{"start":{"line":73,"column":12},"end":{"line":73,"column":91}},"7":{"start":{"line":77,"column":20},"end":{"line":77,"column":34}},"8":{"start":{"line":78,"column":8},"end":{"line":78,"column":116}},"9":{"start":{"line":65,"column":0},"end":{"line":80,"column":1}},"10":{"start":{"line":95,"column":4},"end":{"line":95,"column":63}},"11":{"start":{"line":95,"column":37},"end":{"line":95,"column":61}},"12":{"start":{"line":97,"column":4},"end":{"line":97,"column":97}},"13":{"start":{"line":97,"column":81},"end":{"line":97,"column":95}},"14":{"start":{"line":98,"column":17},"end":{"line":98,"column":39}},"15":{"start":{"line":100,"column":20},"end":{"line":100,"column":39}},"16":{"start":{"line":101,"column":4},"end":{"line":114,"column":7}},"17":{"start":{"line":102,"column":23},"end":{"line":102,"column":44}},"18":{"start":{"line":103,"column":24},"end":{"line":103,"column":63}},"19":{"start":{"line":104,"column":8},"end":{"line":113,"column":39}},"20":{"start":{"line":105,"column":22},"end":{"line":108,"column":13}},"21":{"start":{"line":109,"column":12},"end":{"line":111,"column":32}},"22":{"start":{"line":113,"column":15},"end":{"line":113,"column":37}},"23":{"start":{"line":115,"column":4},"end":{"line":115,"column":18}},"24":{"start":{"line":128,"column":4},"end":{"line":128,"column":42}},"25":{"start":{"line":128,"column":29},"end":{"line":128,"column":40}},"26":{"start":{"line":129,"column":4},"end":{"line":129,"column":14}},"27":{"start":{"line":132,"column":42},"end":{"line":132,"column":88}}},"fnMap":{"0":{"name":"(anonymous_0)","decl":{"start":{"line":66,"column":4},"end":{"line":66,"column":9}},"loc":{"start":{"line":66,"column":21},"end":{"line":75,"column":5}}},"1":{"name":"(anonymous_1)","decl":{"start":{"line":69,"column":93},"end":{"line":69,"column":94}},"loc":{"start":{"line":69,"column":102},"end":{"line":71,"column":13}}},"2":{"name":"(anonymous_2)","decl":{"start":{"line":76,"column":4},"end":{"line":76,"column":7}},"loc":{"start":{"line":76,"column":19},"end":{"line":79,"column":5}}},"3":{"name":"translate","decl":{"start":{"line":93,"column":9},"end":{"line":93,"column":18}},"loc":{"start":{"line":93,"column":56},"end":{"line":116,"column":1}}},"4":{"name":"(anonymous_4)","decl":{"start":{"line":101,"column":16},"end":{"line":101,"column":17}},"loc":{"start":{"line":101,"column":37},"end":{"line":114,"column":5}}},"5":{"name":"resolve","decl":{"start":{"line":126,"column":9},"end":{"line":126,"column":16}},"loc":{"start":{"line":126,"column":42},"end":{"line":130,"column":1}}},"6":{"name":"(anonymous_6)","decl":{"start":{"line":128,"column":17},"end":{"line":128,"column":18}},"loc":{"start":{"line":128,"column":29},"end":{"line":128,"column":40}}},"7":{"name":"isSynonym","decl":{"start":{"line":132,"column":9},"end":{"line":132,"column":18}},"loc":{"start":{"line":132,"column":38},"end":{"line":132,"column":90}}}},"branchMap":{"0":{"loc":{"start":{"line":68,"column":8},"end":{"line":74,"column":9}},"type":"if","locations":[{"start":{"line":68,"column":8},"end":{"line":74,"column":9}},{"start":{"line":68,"column":8},"end":{"line":74,"column":9}}]},"1":{"loc":{"start":{"line":69,"column":12},"end":{"line":71,"column":17}},"type":"if","locations":[{"start":{"line":69,"column":12},"end":{"line":71,"column":17}},{"start":{"line":69,"column":12},"end":{"line":71,"column":17}}]},"2":{"loc":{"start":{"line":78,"column":39},"end":{"line":78,"column":93}},"type":"cond-expr","locations":[{"start":{"line":78,"column":39},"end":{"line":78,"column":93}},{"start":{"line":78,"column":96},"end":{"line":78,"column":115}}]},"3":{"loc":{"start":{"line":78,"column":16},"end":{"line":78,"column":19}},"type":"binary-expr","locations":[{"start":{"line":78,"column":16},"end":{"line":78,"column":19}},{"start":{"line":78,"column":23},"end":{"line":78,"column":36}}]},"4":{"loc":{"start":{"line":95,"column":4},"end":{"line":95,"column":63}},"type":"if","locations":[{"start":{"line":95,"column":4},"end":{"line":95,"column":63}},{"start":{"line":95,"column":4},"end":{"line":95,"column":63}}]},"5":{"loc":{"start":{"line":97,"column":4},"end":{"line":97,"column":97}},"type":"if","locations":[{"start":{"line":97,"column":4},"end":{"line":97,"column":97}},{"start":{"line":97,"column":4},"end":{"line":97,"column":97}}]},"6":{"loc":{"start":{"line":98,"column":32},"end":{"line":98,"column":34}},"type":"cond-expr","locations":[{"start":{"line":98,"column":32},"end":{"line":98,"column":34}},{"start":{"line":98,"column":37},"end":{"line":98,"column":39}}]},"7":{"loc":{"start":{"line":104,"column":8},"end":{"line":113,"column":39}},"type":"if","locations":[{"start":{"line":104,"column":8},"end":{"line":113,"column":39}},{"start":{"line":104,"column":8},"end":{"line":113,"column":39}}]},"8":{"loc":{"start":{"line":110,"column":16},"end":{"line":110,"column":26}},"type":"cond-expr","locations":[{"start":{"line":110,"column":16},"end":{"line":110,"column":26}},{"start":{"line":111,"column":16},"end":{"line":111,"column":31}}]},"9":{"loc":{"start":{"line":109,"column":13},"end":{"line":109,"column":35}},"type":"binary-expr","locations":[{"start":{"line":109,"column":13},"end":{"line":109,"column":35}},{"start":{"line":109,"column":39},"end":{"line":109,"column":59}}]},"10":{"loc":{"start":{"line":132,"column":49},"end":{"line":132,"column":72}},"type":"binary-expr","locations":[{"start":{"line":132,"column":49},"end":{"line":132,"column":72}},{"start":{"line":132,"column":76},"end":{"line":132,"column":87}}]}},"s":{"0":4,"1":2,"2":2,"3":1,"4":1,"5":1,"6":1,"7":5,"8":5,"9":4,"10":58,"11":14,"12":58,"13":28,"14":30,"15":30,"16":30,"17":56,"18":56,"19":56,"20":8,"21":8,"22":48,"23":30,"24":56,"25":56,"26":56,"27":58},"f":{"0":2,"1":1,"2":5,"3":58,"4":56,"5":56,"6":56,"7":58},"b":{"0":[1,1],"1":[1,0],"2":[4,1],"3":[5,4],"4":[14,44],"5":[28,30],"6":[14,16],"7":[8,48],"8":[8,0],"9":[8,8],"10":[58,34]}}
,"/Users/sth1pal/Documents/Development/JavaScript/nodejs/ts6/dev/hsLibs/mithril/hsLayout/src/index.ts": {"path":"/Users/sth1pal/Documents/Development/JavaScript/nodejs/ts6/dev/hsLibs/mithril/hsLayout/src/index.ts","statementMap":{"0":{"start":{"line":5,"column":0},"end":{"line":5,"column":54}},"1":{"start":{"line":5,"column":61},"end":{"line":5,"column":75}},"2":{"start":{"line":6,"column":0},"end":{"line":6,"column":50}},"3":{"start":{"line":6,"column":61},"end":{"line":6,"column":73}},"4":{"start":{"line":8,"column":0},"end":{"line":8,"column":44}},"5":{"start":{"line":8,"column":9},"end":{"line":8,"column":15}},"6":{"start":{"line":9,"column":0},"end":{"line":10,"column":44}},"7":{"start":{"line":9,"column":9},"end":{"line":9,"column":13}},"8":{"start":{"line":9,"column":15},"end":{"line":9,"column":17}},"9":{"start":{"line":9,"column":19},"end":{"line":9,"column":21}},"10":{"start":{"line":10,"column":9},"end":{"line":10,"column":20}},"11":{"start":{"line":11,"column":0},"end":{"line":11,"column":46}},"12":{"start":{"line":11,"column":9},"end":{"line":11,"column":17}},"13":{"start":{"line":12,"column":0},"end":{"line":12,"column":39}},"14":{"start":{"line":12,"column":9},"end":{"line":12,"column":15}},"15":{"start":{"line":13,"column":0},"end":{"line":13,"column":39}},"16":{"start":{"line":13,"column":9},"end":{"line":13,"column":10}}},"fnMap":{},"branchMap":{"0":{"loc":{"start":{"line":5,"column":61},"end":{"line":5,"column":75}},"type":"if","locations":[{"start":{"line":5,"column":61},"end":{"line":5,"column":75}},{"start":{"line":5,"column":61},"end":{"line":5,"column":75}}]},"1":{"loc":{"start":{"line":6,"column":61},"end":{"line":6,"column":73}},"type":"if","locations":[{"start":{"line":6,"column":61},"end":{"line":6,"column":73}},{"start":{"line":6,"column":61},"end":{"line":6,"column":73}}]}},"s":{"0":4,"1":4,"2":4,"3":4,"4":4,"5":4,"6":4,"7":4,"8":4,"9":4,"10":4,"11":4,"12":4,"13":4,"14":4,"15":4,"16":4},"f":{},"b":{"0":[4,0],"1":[4,0]}}
,"/Users/sth1pal/Documents/Development/JavaScript/nodejs/ts6/dev/hsLibs/mithril/hsLayout/src/mithril.ts": {"path":"/Users/sth1pal/Documents/Development/JavaScript/nodejs/ts6/dev/hsLibs/mithril/hsLayout/src/mithril.ts","statementMap":{"0":{"start":{"line":9,"column":13},"end":{"line":9,"column":36}}},"fnMap":{},"branchMap":{},"s":{"0":5},"f":{},"b":{}}
,"/Users/sth1pal/Documents/Development/JavaScript/nodejs/ts6/dev/hsLibs/mithril/hsLayout/src/view/Layout.ts": {"path":"/Users/sth1pal/Documents/Development/JavaScript/nodejs/ts6/dev/hsLibs/mithril/hsLayout/src/view/Layout.ts","statementMap":{"0":{"start":{"line":18,"column":0},"end":{"line":18,"column":37}},"1":{"start":{"line":19,"column":0},"end":{"line":19,"column":37}},"2":{"start":{"line":65,"column":8},"end":{"line":73,"column":15}},"3":{"start":{"line":67,"column":16},"end":{"line":72,"column":17}},"4":{"start":{"line":68,"column":20},"end":{"line":68,"column":53}},"5":{"start":{"line":69,"column":20},"end":{"line":69,"column":51}},"6":{"start":{"line":71,"column":20},"end":{"line":71,"column":29}},"7":{"start":{"line":83,"column":8},"end":{"line":83,"column":36}},"8":{"start":{"line":88,"column":8},"end":{"line":90,"column":9}},"9":{"start":{"line":89,"column":12},"end":{"line":89,"column":56}},"10":{"start":{"line":91,"column":8},"end":{"line":95,"column":9}},"11":{"start":{"line":92,"column":12},"end":{"line":94,"column":14}},"12":{"start":{"line":93,"column":20},"end":{"line":93,"column":78}},"13":{"start":{"line":97,"column":8},"end":{"line":97,"column":28}},"14":{"start":{"line":120,"column":24},"end":{"line":120,"column":71}},"15":{"start":{"line":121,"column":18},"end":{"line":121,"column":60}},"16":{"start":{"line":122,"column":26},"end":{"line":126,"column":9}},"17":{"start":{"line":127,"column":8},"end":{"line":127,"column":37}},"18":{"start":{"line":128,"column":8},"end":{"line":132,"column":9}},"19":{"start":{"line":129,"column":12},"end":{"line":129,"column":41}},"20":{"start":{"line":130,"column":12},"end":{"line":130,"column":42}},"21":{"start":{"line":131,"column":12},"end":{"line":131,"column":42}},"22":{"start":{"line":133,"column":8},"end":{"line":133,"column":93}},"23":{"start":{"line":133,"column":89},"end":{"line":133,"column":90}},"24":{"start":{"line":44,"column":0},"end":{"line":135,"column":1}}},"fnMap":{"0":{"name":"(anonymous_0)","decl":{"start":{"line":64,"column":14},"end":{"line":64,"column":26}},"loc":{"start":{"line":64,"column":38},"end":{"line":74,"column":5}}},"1":{"name":"(anonymous_1)","decl":{"start":{"line":66,"column":35},"end":{"line":66,"column":36}},"loc":{"start":{"line":66,"column":45},"end":{"line":73,"column":13}}},"2":{"name":"(anonymous_2)","decl":{"start":{"line":82,"column":14},"end":{"line":82,"column":19}},"loc":{"start":{"line":82,"column":31},"end":{"line":84,"column":5}}},"3":{"name":"(anonymous_3)","decl":{"start":{"line":87,"column":12},"end":{"line":87,"column":27}},"loc":{"start":{"line":87,"column":74},"end":{"line":98,"column":5}}},"4":{"name":"(anonymous_4)","decl":{"start":{"line":92,"column":34},"end":{"line":92,"column":35}},"loc":{"start":{"line":93,"column":20},"end":{"line":93,"column":78}}},"5":{"name":"(anonymous_5)","decl":{"start":{"line":119,"column":4},"end":{"line":119,"column":7}},"loc":{"start":{"line":119,"column":19},"end":{"line":134,"column":5}}},"6":{"name":"(anonymous_6)","decl":{"start":{"line":133,"column":78},"end":{"line":133,"column":79}},"loc":{"start":{"line":133,"column":89},"end":{"line":133,"column":90}}}},"branchMap":{"0":{"loc":{"start":{"line":65,"column":51},"end":{"line":65,"column":69}},"type":"cond-expr","locations":[{"start":{"line":65,"column":51},"end":{"line":65,"column":69}},{"start":{"line":66,"column":12},"end":{"line":73,"column":14}}]},"1":{"loc":{"start":{"line":67,"column":16},"end":{"line":72,"column":17}},"type":"if","locations":[{"start":{"line":67,"column":16},"end":{"line":72,"column":17}},{"start":{"line":67,"column":16},"end":{"line":72,"column":17}}]},"2":{"loc":{"start":{"line":83,"column":15},"end":{"line":83,"column":29}},"type":"binary-expr","locations":[{"start":{"line":83,"column":15},"end":{"line":83,"column":29}},{"start":{"line":83,"column":33},"end":{"line":83,"column":35}}]},"3":{"loc":{"start":{"line":88,"column":8},"end":{"line":90,"column":9}},"type":"if","locations":[{"start":{"line":88,"column":8},"end":{"line":90,"column":9}},{"start":{"line":88,"column":8},"end":{"line":90,"column":9}}]},"4":{"loc":{"start":{"line":91,"column":8},"end":{"line":95,"column":9}},"type":"if","locations":[{"start":{"line":91,"column":8},"end":{"line":95,"column":9}},{"start":{"line":91,"column":8},"end":{"line":95,"column":9}}]},"5":{"loc":{"start":{"line":93,"column":46},"end":{"line":93,"column":50}},"type":"cond-expr","locations":[{"start":{"line":93,"column":46},"end":{"line":93,"column":50}},{"start":{"line":93,"column":53},"end":{"line":93,"column":78}}]},"6":{"loc":{"start":{"line":128,"column":8},"end":{"line":132,"column":9}},"type":"if","locations":[{"start":{"line":128,"column":8},"end":{"line":132,"column":9}},{"start":{"line":128,"column":8},"end":{"line":132,"column":9}}]}},"s":{"0":5,"1":5,"2":72,"3":48,"4":12,"5":12,"6":36,"7":72,"8":72,"9":36,"10":36,"11":24,"12":48,"13":12,"14":72,"15":72,"16":72,"17":72,"18":72,"19":2,"20":2,"21":2,"22":72,"23":96,"24":5},"f":{"0":72,"1":48,"2":72,"3":72,"4":48,"5":72,"6":96},"b":{"0":[48,24],"1":[12,36],"2":[72,56],"3":[36,36],"4":[24,12],"5":[0,48],"6":[2,70]}}
,"/Users/sth1pal/Documents/Development/JavaScript/nodejs/ts6/dev/hsLibs/mithril/hsLayout/src/view/Layouter.ts": {"path":"/Users/sth1pal/Documents/Development/JavaScript/nodejs/ts6/dev/hsLibs/mithril/hsLayout/src/view/Layouter.ts","statementMap":{"0":{"start":{"line":13,"column":0},"end":{"line":13,"column":39}},"1":{"start":{"line":111,"column":23},"end":{"line":111,"column":45}},"2":{"start":{"line":103,"column":4},"end":{"line":103,"column":16}},"3":{"start":{"line":55,"column":8},"end":{"line":55,"column":53}},"4":{"start":{"line":55,"column":35},"end":{"line":55,"column":51}},"5":{"start":{"line":56,"column":8},"end":{"line":64,"column":11}},"6":{"start":{"line":57,"column":12},"end":{"line":63,"column":13}},"7":{"start":{"line":58,"column":16},"end":{"line":58,"column":73}},"8":{"start":{"line":58,"column":44},"end":{"line":58,"column":71}},"9":{"start":{"line":59,"column":16},"end":{"line":59,"column":72}},"10":{"start":{"line":59,"column":43},"end":{"line":59,"column":70}},"11":{"start":{"line":60,"column":16},"end":{"line":60,"column":65}},"12":{"start":{"line":60,"column":52},"end":{"line":60,"column":64}},"13":{"start":{"line":62,"column":16},"end":{"line":62,"column":29}},"14":{"start":{"line":78,"column":8},"end":{"line":78,"column":47}},"15":{"start":{"line":90,"column":18},"end":{"line":90,"column":20}},"16":{"start":{"line":91,"column":8},"end":{"line":98,"column":11}},"17":{"start":{"line":92,"column":12},"end":{"line":96,"column":13}},"18":{"start":{"line":93,"column":16},"end":{"line":93,"column":107}},"19":{"start":{"line":94,"column":16},"end":{"line":94,"column":39}},"20":{"start":{"line":95,"column":16},"end":{"line":95,"column":28}},"21":{"start":{"line":97,"column":12},"end":{"line":97,"column":25}},"22":{"start":{"line":99,"column":8},"end":{"line":99,"column":19}},"23":{"start":{"line":43,"column":11},"end":{"line":43,"column":49}},"24":{"start":{"line":38,"column":0},"end":{"line":128,"column":1}}},"fnMap":{"0":{"name":"(anonymous_0)","decl":{"start":{"line":111,"column":4},"end":{"line":111,"column":22}},"loc":{"start":{"line":111,"column":45},"end":{"line":111,"column":49}}},"1":{"name":"(anonymous_1)","decl":{"start":{"line":54,"column":12},"end":{"line":54,"column":17}},"loc":{"start":{"line":54,"column":53},"end":{"line":65,"column":5}}},"2":{"name":"(anonymous_2)","decl":{"start":{"line":56,"column":26},"end":{"line":56,"column":27}},"loc":{"start":{"line":56,"column":47},"end":{"line":64,"column":9}}},"3":{"name":"(anonymous_3)","decl":{"start":{"line":76,"column":11},"end":{"line":76,"column":16}},"loc":{"start":{"line":76,"column":64},"end":{"line":79,"column":5}}},"4":{"name":"(anonymous_4)","decl":{"start":{"line":89,"column":11},"end":{"line":89,"column":16}},"loc":{"start":{"line":89,"column":65},"end":{"line":100,"column":5}}},"5":{"name":"(anonymous_5)","decl":{"start":{"line":91,"column":48},"end":{"line":91,"column":50}},"loc":{"start":{"line":91,"column":54},"end":{"line":98,"column":9}}}},"branchMap":{"0":{"loc":{"start":{"line":55,"column":8},"end":{"line":55,"column":53}},"type":"if","locations":[{"start":{"line":55,"column":8},"end":{"line":55,"column":53}},{"start":{"line":55,"column":8},"end":{"line":55,"column":53}}]},"1":{"loc":{"start":{"line":57,"column":12},"end":{"line":63,"column":13}},"type":"if","locations":[{"start":{"line":57,"column":12},"end":{"line":63,"column":13}},{"start":{"line":57,"column":12},"end":{"line":63,"column":13}}]},"2":{"loc":{"start":{"line":58,"column":16},"end":{"line":58,"column":73}},"type":"if","locations":[{"start":{"line":58,"column":16},"end":{"line":58,"column":73}},{"start":{"line":58,"column":16},"end":{"line":58,"column":73}}]},"3":{"loc":{"start":{"line":59,"column":16},"end":{"line":59,"column":72}},"type":"if","locations":[{"start":{"line":59,"column":16},"end":{"line":59,"column":72}},{"start":{"line":59,"column":16},"end":{"line":59,"column":72}}]},"4":{"loc":{"start":{"line":60,"column":16},"end":{"line":60,"column":65}},"type":"if","locations":[{"start":{"line":60,"column":16},"end":{"line":60,"column":65}},{"start":{"line":60,"column":16},"end":{"line":60,"column":65}}]},"5":{"loc":{"start":{"line":92,"column":12},"end":{"line":96,"column":13}},"type":"if","locations":[{"start":{"line":92,"column":12},"end":{"line":96,"column":13}},{"start":{"line":92,"column":12},"end":{"line":96,"column":13}}]}},"s":{"0":6,"1":12,"2":12,"3":12,"4":0,"5":12,"6":26,"7":26,"8":12,"9":14,"10":4,"11":10,"12":10,"13":0,"14":12,"15":72,"16":72,"17":182,"18":12,"19":12,"20":12,"21":170,"22":72,"23":6,"24":6},"f":{"0":12,"1":12,"2":26,"3":12,"4":72,"5":182},"b":{"0":[0,12],"1":[26,0],"2":[12,14],"3":[4,10],"4":[10,0],"5":[12,170]}}
,"/Users/sth1pal/Documents/Development/JavaScript/nodejs/ts6/dev/hsLibs/mithril/hsLayout/src/view/PillaredLayouter.ts": {"path":"/Users/sth1pal/Documents/Development/JavaScript/nodejs/ts6/dev/hsLibs/mithril/hsLayout/src/view/PillaredLayouter.ts","statementMap":{"0":{"start":{"line":44,"column":0},"end":{"line":44,"column":41}},"1":{"start":{"line":45,"column":0},"end":{"line":47,"column":39}},"2":{"start":{"line":63,"column":13},"end":{"line":65,"column":2}},"3":{"start":{"line":70,"column":16},"end":{"line":79,"column":1}},"4":{"start":{"line":100,"column":8},"end":{"line":100,"column":24}},"5":{"start":{"line":99,"column":44},"end":{"line":99,"column":66}},"6":{"start":{"line":101,"column":8},"end":{"line":101,"column":36}},"7":{"start":{"line":102,"column":8},"end":{"line":102,"column":40}},"8":{"start":{"line":104,"column":16},"end":{"line":104,"column":33}},"9":{"start":{"line":105,"column":20},"end":{"line":105,"column":21}},"10":{"start":{"line":106,"column":20},"end":{"line":106,"column":21}},"11":{"start":{"line":108,"column":8},"end":{"line":109,"column":46}},"12":{"start":{"line":108,"column":57},"end":{"line":108,"column":83}},"13":{"start":{"line":112,"column":8},"end":{"line":113,"column":73}},"14":{"start":{"line":113,"column":13},"end":{"line":113,"column":70}},"15":{"start":{"line":116,"column":8},"end":{"line":117,"column":73}},"16":{"start":{"line":117,"column":13},"end":{"line":117,"column":70}},"17":{"start":{"line":119,"column":8},"end":{"line":119,"column":32}},"18":{"start":{"line":120,"column":8},"end":{"line":120,"column":64}},"19":{"start":{"line":131,"column":22},"end":{"line":131,"column":37}},"20":{"start":{"line":132,"column":22},"end":{"line":132,"column":36}},"21":{"start":{"line":133,"column":22},"end":{"line":133,"column":35}},"22":{"start":{"line":134,"column":20},"end":{"line":134,"column":31}},"23":{"start":{"line":136,"column":8},"end":{"line":143,"column":11}},"24":{"start":{"line":137,"column":30},"end":{"line":137,"column":34}},"25":{"start":{"line":138,"column":20},"end":{"line":138,"column":24}},"26":{"start":{"line":139,"column":12},"end":{"line":141,"column":88}},"27":{"start":{"line":139,"column":35},"end":{"line":139,"column":72}},"28":{"start":{"line":139,"column":73},"end":{"line":139,"column":83}},"29":{"start":{"line":140,"column":17},"end":{"line":141,"column":88}},"30":{"start":{"line":140,"column":35},"end":{"line":140,"column":60}},"31":{"start":{"line":140,"column":61},"end":{"line":140,"column":73}},"32":{"start":{"line":141,"column":17},"end":{"line":141,"column":88}},"33":{"start":{"line":141,"column":44},"end":{"line":141,"column":73}},"34":{"start":{"line":141,"column":74},"end":{"line":141,"column":86}},"35":{"start":{"line":142,"column":12},"end":{"line":142,"column":50}},"36":{"start":{"line":147,"column":16},"end":{"line":147,"column":27}},"37":{"start":{"line":148,"column":18},"end":{"line":148,"column":23}},"38":{"start":{"line":149,"column":34},"end":{"line":149,"column":52}},"39":{"start":{"line":151,"column":8},"end":{"line":151,"column":88}},"40":{"start":{"line":151,"column":34},"end":{"line":151,"column":84}},"41":{"start":{"line":151,"column":52},"end":{"line":151,"column":75}},"42":{"start":{"line":151,"column":76},"end":{"line":151,"column":82}},"43":{"start":{"line":152,"column":21},"end":{"line":152,"column":30}},"44":{"start":{"line":155,"column":25},"end":{"line":155,"column":26}},"45":{"start":{"line":156,"column":12},"end":{"line":164,"column":15}},"46":{"start":{"line":157,"column":27},"end":{"line":157,"column":47}},"47":{"start":{"line":158,"column":16},"end":{"line":158,"column":59}},"48":{"start":{"line":158,"column":45},"end":{"line":158,"column":57}},"49":{"start":{"line":159,"column":16},"end":{"line":159,"column":47}},"50":{"start":{"line":160,"column":16},"end":{"line":160,"column":31}},"51":{"start":{"line":161,"column":16},"end":{"line":161,"column":53}},"52":{"start":{"line":162,"column":16},"end":{"line":162,"column":44}},"53":{"start":{"line":163,"column":16},"end":{"line":163,"column":29}},"54":{"start":{"line":167,"column":8},"end":{"line":167,"column":58}},"55":{"start":{"line":167,"column":47},"end":{"line":167,"column":56}},"56":{"start":{"line":168,"column":8},"end":{"line":168,"column":68}},"57":{"start":{"line":168,"column":57},"end":{"line":168,"column":66}},"58":{"start":{"line":169,"column":8},"end":{"line":169,"column":32}},"59":{"start":{"line":173,"column":34},"end":{"line":173,"column":52}},"60":{"start":{"line":174,"column":16},"end":{"line":174,"column":27}},"61":{"start":{"line":176,"column":21},"end":{"line":176,"column":30}},"62":{"start":{"line":179,"column":21},"end":{"line":179,"column":22}},"63":{"start":{"line":180,"column":8},"end":{"line":193,"column":11}},"64":{"start":{"line":181,"column":12},"end":{"line":191,"column":59}},"65":{"start":{"line":182,"column":16},"end":{"line":182,"column":50}},"66":{"start":{"line":183,"column":16},"end":{"line":183,"column":81}},"67":{"start":{"line":184,"column":16},"end":{"line":184,"column":44}},"68":{"start":{"line":185,"column":16},"end":{"line":185,"column":54}},"69":{"start":{"line":186,"column":19},"end":{"line":191,"column":59}},"70":{"start":{"line":187,"column":16},"end":{"line":187,"column":83}},"71":{"start":{"line":188,"column":16},"end":{"line":188,"column":28}},"72":{"start":{"line":189,"column":16},"end":{"line":189,"column":62}},"73":{"start":{"line":190,"column":16},"end":{"line":190,"column":44}},"74":{"start":{"line":191,"column":19},"end":{"line":191,"column":59}},"75":{"start":{"line":191,"column":45},"end":{"line":191,"column":57}},"76":{"start":{"line":192,"column":12},"end":{"line":192,"column":25}},"77":{"start":{"line":196,"column":8},"end":{"line":196,"column":19}},"78":{"start":{"line":197,"column":8},"end":{"line":210,"column":11}},"79":{"start":{"line":198,"column":12},"end":{"line":198,"column":47}},"80":{"start":{"line":199,"column":12},"end":{"line":208,"column":13}},"81":{"start":{"line":200,"column":16},"end":{"line":200,"column":81}},"82":{"start":{"line":201,"column":16},"end":{"line":201,"column":44}},"83":{"start":{"line":202,"column":16},"end":{"line":202,"column":53}},"84":{"start":{"line":204,"column":16},"end":{"line":206,"column":17}},"85":{"start":{"line":205,"column":20},"end":{"line":205,"column":48}},"86":{"start":{"line":207,"column":16},"end":{"line":207,"column":28}},"87":{"start":{"line":209,"column":12},"end":{"line":209,"column":25}},"88":{"start":{"line":211,"column":8},"end":{"line":211,"column":22}},"89":{"start":{"line":221,"column":16},"end":{"line":221,"column":27}},"90":{"start":{"line":222,"column":34},"end":{"line":222,"column":62}},"91":{"start":{"line":223,"column":8},"end":{"line":226,"column":11}},"92":{"start":{"line":224,"column":12},"end":{"line":224,"column":49}},"93":{"start":{"line":225,"column":12},"end":{"line":225,"column":116}},"94":{"start":{"line":225,"column":67},"end":{"line":225,"column":112}},"95":{"start":{"line":227,"column":8},"end":{"line":227,"column":29}},"96":{"start":{"line":285,"column":49},"end":{"line":285,"column":92}},"97":{"start":{"line":285,"column":23},"end":{"line":285,"column":45}},"98":{"start":{"line":342,"column":49},"end":{"line":342,"column":92}},"99":{"start":{"line":342,"column":23},"end":{"line":342,"column":45}},"100":{"start":{"line":345,"column":0},"end":{"line":345,"column":45}},"101":{"start":{"line":346,"column":0},"end":{"line":346,"column":45}}},"fnMap":{"0":{"name":"(anonymous_0)","decl":{"start":{"line":99,"column":4},"end":{"line":99,"column":15}},"loc":{"start":{"line":99,"column":66},"end":{"line":121,"column":5}}},"1":{"name":"(anonymous_1)","decl":{"start":{"line":108,"column":34},"end":{"line":108,"column":35}},"loc":{"start":{"line":108,"column":57},"end":{"line":108,"column":83}}},"2":{"name":"(anonymous_2)","decl":{"start":{"line":112,"column":22},"end":{"line":112,"column":23}},"loc":{"start":{"line":113,"column":13},"end":{"line":113,"column":70}}},"3":{"name":"(anonymous_3)","decl":{"start":{"line":116,"column":22},"end":{"line":116,"column":23}},"loc":{"start":{"line":117,"column":13},"end":{"line":117,"column":70}}},"4":{"name":"(anonymous_4)","decl":{"start":{"line":130,"column":12},"end":{"line":130,"column":19}},"loc":{"start":{"line":130,"column":31},"end":{"line":144,"column":5}}},"5":{"name":"(anonymous_5)","decl":{"start":{"line":136,"column":42},"end":{"line":136,"column":43}},"loc":{"start":{"line":136,"column":55},"end":{"line":143,"column":9}}},"6":{"name":"(anonymous_6)","decl":{"start":{"line":146,"column":12},"end":{"line":146,"column":22}},"loc":{"start":{"line":146,"column":34},"end":{"line":170,"column":5}}},"7":{"name":"(anonymous_7)","decl":{"start":{"line":151,"column":23},"end":{"line":151,"column":27}},"loc":{"start":{"line":151,"column":31},"end":{"line":151,"column":86}}},"8":{"name":"pass","decl":{"start":{"line":154,"column":17},"end":{"line":154,"column":21}},"loc":{"start":{"line":154,"column":99},"end":{"line":165,"column":9}}},"9":{"name":"(anonymous_9)","decl":{"start":{"line":156,"column":24},"end":{"line":156,"column":28}},"loc":{"start":{"line":156,"column":32},"end":{"line":164,"column":13}}},"10":{"name":"(anonymous_10)","decl":{"start":{"line":167,"column":33},"end":{"line":167,"column":34}},"loc":{"start":{"line":167,"column":47},"end":{"line":167,"column":56}}},"11":{"name":"(anonymous_11)","decl":{"start":{"line":168,"column":43},"end":{"line":168,"column":44}},"loc":{"start":{"line":168,"column":57},"end":{"line":168,"column":66}}},"12":{"name":"(anonymous_12)","decl":{"start":{"line":172,"column":12},"end":{"line":172,"column":20}},"loc":{"start":{"line":172,"column":32},"end":{"line":212,"column":5}}},"13":{"name":"(anonymous_13)","decl":{"start":{"line":180,"column":20},"end":{"line":180,"column":21}},"loc":{"start":{"line":180,"column":33},"end":{"line":193,"column":9}}},"14":{"name":"(anonymous_14)","decl":{"start":{"line":197,"column":38},"end":{"line":197,"column":39}},"loc":{"start":{"line":197,"column":51},"end":{"line":210,"column":9}}},"15":{"name":"(anonymous_15)","decl":{"start":{"line":220,"column":14},"end":{"line":220,"column":22}},"loc":{"start":{"line":220,"column":54},"end":{"line":228,"column":5}}},"16":{"name":"(anonymous_16)","decl":{"start":{"line":223,"column":23},"end":{"line":223,"column":24}},"loc":{"start":{"line":223,"column":52},"end":{"line":226,"column":9}}},"17":{"name":"(anonymous_17)","decl":{"start":{"line":225,"column":50},"end":{"line":225,"column":51}},"loc":{"start":{"line":225,"column":64},"end":{"line":225,"column":114}}},"18":{"name":"(anonymous_18)","decl":{"start":{"line":285,"column":4},"end":{"line":285,"column":22}},"loc":{"start":{"line":285,"column":45},"end":{"line":285,"column":95}}},"19":{"name":"(anonymous_19)","decl":{"start":{"line":342,"column":4},"end":{"line":342,"column":22}},"loc":{"start":{"line":342,"column":45},"end":{"line":342,"column":95}}}},"branchMap":{"0":{"loc":{"start":{"line":109,"column":12},"end":{"line":109,"column":26}},"type":"cond-expr","locations":[{"start":{"line":109,"column":12},"end":{"line":109,"column":26}},{"start":{"line":109,"column":29},"end":{"line":109,"column":45}}]},"1":{"loc":{"start":{"line":113,"column":54},"end":{"line":113,"column":63}},"type":"cond-expr","locations":[{"start":{"line":113,"column":54},"end":{"line":113,"column":63}},{"start":{"line":113,"column":66},"end":{"line":113,"column":70}}]},"2":{"loc":{"start":{"line":117,"column":54},"end":{"line":117,"column":62}},"type":"cond-expr","locations":[{"start":{"line":117,"column":54},"end":{"line":117,"column":62}},{"start":{"line":117,"column":66},"end":{"line":117,"column":70}}]},"3":{"loc":{"start":{"line":139,"column":12},"end":{"line":141,"column":88}},"type":"if","locations":[{"start":{"line":139,"column":12},"end":{"line":141,"column":88}},{"start":{"line":139,"column":12},"end":{"line":141,"column":88}}]},"4":{"loc":{"start":{"line":140,"column":17},"end":{"line":141,"column":88}},"type":"if","locations":[{"start":{"line":140,"column":17},"end":{"line":141,"column":88}},{"start":{"line":140,"column":17},"end":{"line":141,"column":88}}]},"5":{"loc":{"start":{"line":141,"column":17},"end":{"line":141,"column":88}},"type":"if","locations":[{"start":{"line":141,"column":17},"end":{"line":141,"column":88}},{"start":{"line":141,"column":17},"end":{"line":141,"column":88}}]},"6":{"loc":{"start":{"line":141,"column":21},"end":{"line":141,"column":26}},"type":"binary-expr","locations":[{"start":{"line":141,"column":21},"end":{"line":141,"column":26}},{"start":{"line":141,"column":30},"end":{"line":141,"column":41}}]},"7":{"loc":{"start":{"line":151,"column":34},"end":{"line":151,"column":84}},"type":"if","locations":[{"start":{"line":151,"column":34},"end":{"line":151,"column":84}},{"start":{"line":151,"column":34},"end":{"line":151,"column":84}}]},"8":{"loc":{"start":{"line":157,"column":27},"end":{"line":157,"column":37}},"type":"binary-expr","locations":[{"start":{"line":157,"column":27},"end":{"line":157,"column":37}},{"start":{"line":157,"column":41},"end":{"line":157,"column":47}}]},"9":{"loc":{"start":{"line":158,"column":16},"end":{"line":158,"column":59}},"type":"if","locations":[{"start":{"line":158,"column":16},"end":{"line":158,"column":59}},{"start":{"line":158,"column":16},"end":{"line":158,"column":59}}]},"10":{"loc":{"start":{"line":181,"column":12},"end":{"line":191,"column":59}},"type":"if","locations":[{"start":{"line":181,"column":12},"end":{"line":191,"column":59}},{"start":{"line":181,"column":12},"end":{"line":191,"column":59}}]},"11":{"loc":{"start":{"line":183,"column":40},"end":{"line":183,"column":52}},"type":"binary-expr","locations":[{"start":{"line":183,"column":40},"end":{"line":183,"column":52}},{"start":{"line":183,"column":56},"end":{"line":183,"column":57}}]},"12":{"loc":{"start":{"line":183,"column":62},"end":{"line":183,"column":74}},"type":"binary-expr","locations":[{"start":{"line":183,"column":62},"end":{"line":183,"column":74}},{"start":{"line":183,"column":78},"end":{"line":183,"column":79}}]},"13":{"loc":{"start":{"line":186,"column":19},"end":{"line":191,"column":59}},"type":"if","locations":[{"start":{"line":186,"column":19},"end":{"line":191,"column":59}},{"start":{"line":186,"column":19},"end":{"line":191,"column":59}}]},"14":{"loc":{"start":{"line":187,"column":50},"end":{"line":187,"column":62}},"type":"cond-expr","locations":[{"start":{"line":187,"column":50},"end":{"line":187,"column":62}},{"start":{"line":187,"column":67},"end":{"line":187,"column":81}}]},"15":{"loc":{"start":{"line":191,"column":19},"end":{"line":191,"column":59}},"type":"if","locations":[{"start":{"line":191,"column":19},"end":{"line":191,"column":59}},{"start":{"line":191,"column":19},"end":{"line":191,"column":59}}]},"16":{"loc":{"start":{"line":199,"column":12},"end":{"line":208,"column":13}},"type":"if","locations":[{"start":{"line":199,"column":12},"end":{"line":208,"column":13}},{"start":{"line":199,"column":12},"end":{"line":208,"column":13}}]},"17":{"loc":{"start":{"line":200,"column":40},"end":{"line":200,"column":52}},"type":"binary-expr","locations":[{"start":{"line":200,"column":40},"end":{"line":200,"column":52}},{"start":{"line":200,"column":56},"end":{"line":200,"column":57}}]},"18":{"loc":{"start":{"line":200,"column":62},"end":{"line":200,"column":74}},"type":"binary-expr","locations":[{"start":{"line":200,"column":62},"end":{"line":200,"column":74}},{"start":{"line":200,"column":78},"end":{"line":200,"column":79}}]},"19":{"loc":{"start":{"line":204,"column":16},"end":{"line":206,"column":17}},"type":"if","locations":[{"start":{"line":204,"column":16},"end":{"line":206,"column":17}},{"start":{"line":204,"column":16},"end":{"line":206,"column":17}}]},"20":{"loc":{"start":{"line":204,"column":20},"end":{"line":204,"column":28}},"type":"binary-expr","locations":[{"start":{"line":204,"column":20},"end":{"line":204,"column":28}},{"start":{"line":204,"column":32},"end":{"line":204,"column":54}}]}},"s":{"0":4,"1":4,"2":4,"3":4,"4":10,"5":10,"6":10,"7":10,"8":10,"9":10,"10":10,"11":10,"12":12,"13":10,"14":20,"15":10,"16":12,"17":10,"18":10,"19":10,"20":10,"21":10,"22":10,"23":10,"24":22,"25":22,"26":22,"27":2,"28":2,"29":20,"30":10,"31":10,"32":10,"33":0,"34":0,"35":22,"36":2,"37":2,"38":2,"39":2,"40":4,"41":2,"42":2,"43":2,"44":4,"45":4,"46":6,"47":6,"48":2,"49":4,"50":4,"51":4,"52":4,"53":4,"54":2,"55":4,"56":2,"57":2,"58":2,"59":8,"60":8,"61":8,"62":8,"63":8,"64":18,"65":8,"66":8,"67":8,"68":8,"69":10,"70":8,"71":8,"72":8,"73":8,"74":2,"75":2,"76":16,"77":8,"78":8,"79":10,"80":10,"81":2,"82":2,"83":2,"84":8,"85":2,"86":8,"87":2,"88":8,"89":10,"90":10,"91":10,"92":22,"93":22,"94":66,"95":10,"96":6,"97":6,"98":4,"99":4,"100":4,"101":4},"f":{"0":10,"1":12,"2":20,"3":12,"4":10,"5":22,"6":2,"7":4,"8":4,"9":6,"10":4,"11":2,"12":8,"13":18,"14":10,"15":10,"16":22,"17":66,"18":6,"19":4},"b":{"0":[8,2],"1":[10,10],"2":[2,10],"3":[2,20],"4":[10,10],"5":[0,10],"6":[10,10],"7":[2,2],"8":[6,4],"9":[2,4],"10":[8,10],"11":[8,8],"12":[8,8],"13":[8,2],"14":[8,0],"15":[2,0],"16":[2,8],"17":[2,2],"18":[2,2],"19":[2,6],"20":[8,2]}}
,"/Users/sth1pal/Documents/Development/JavaScript/nodejs/ts6/dev/hsLibs/mithril/hsLayout/src/view/TileLayouter.ts": {"path":"/Users/sth1pal/Documents/Development/JavaScript/nodejs/ts6/dev/hsLibs/mithril/hsLayout/src/view/TileLayouter.ts","statementMap":{"0":{"start":{"line":63,"column":0},"end":{"line":63,"column":41}},"1":{"start":{"line":64,"column":0},"end":{"line":67,"column":39}},"2":{"start":{"line":83,"column":8},"end":{"line":83,"column":24}},"3":{"start":{"line":82,"column":23},"end":{"line":82,"column":45}},"4":{"start":{"line":86,"column":8},"end":{"line":87,"column":46}},"5":{"start":{"line":86,"column":57},"end":{"line":86,"column":83}},"6":{"start":{"line":91,"column":21},"end":{"line":91,"column":34}},"7":{"start":{"line":92,"column":21},"end":{"line":92,"column":70}},"8":{"start":{"line":92,"column":46},"end":{"line":92,"column":68}},"9":{"start":{"line":93,"column":21},"end":{"line":93,"column":35}},"10":{"start":{"line":94,"column":21},"end":{"line":94,"column":37}},"11":{"start":{"line":95,"column":21},"end":{"line":95,"column":37}},"12":{"start":{"line":96,"column":8},"end":{"line":96,"column":36}},"13":{"start":{"line":96,"column":27},"end":{"line":96,"column":34}},"14":{"start":{"line":97,"column":21},"end":{"line":97,"column":85}},"15":{"start":{"line":98,"column":21},"end":{"line":98,"column":81}},"16":{"start":{"line":100,"column":8},"end":{"line":100,"column":36}},"17":{"start":{"line":101,"column":8},"end":{"line":101,"column":36}},"18":{"start":{"line":102,"column":19},"end":{"line":102,"column":20}},"19":{"start":{"line":103,"column":19},"end":{"line":103,"column":20}},"20":{"start":{"line":105,"column":21},"end":{"line":117,"column":11}},"21":{"start":{"line":106,"column":20},"end":{"line":106,"column":26}},"22":{"start":{"line":106,"column":39},"end":{"line":106,"column":48}},"23":{"start":{"line":107,"column":20},"end":{"line":107,"column":26}},"24":{"start":{"line":107,"column":39},"end":{"line":107,"column":49}},"25":{"start":{"line":108,"column":12},"end":{"line":108,"column":73}},"26":{"start":{"line":108,"column":50},"end":{"line":108,"column":59}},"27":{"start":{"line":108,"column":60},"end":{"line":108,"column":71}},"28":{"start":{"line":109,"column":12},"end":{"line":109,"column":73}},"29":{"start":{"line":109,"column":50},"end":{"line":109,"column":59}},"30":{"start":{"line":109,"column":60},"end":{"line":109,"column":71}},"31":{"start":{"line":110,"column":26},"end":{"line":114,"column":13}},"32":{"start":{"line":115,"column":12},"end":{"line":115,"column":95}},"33":{"start":{"line":115,"column":69},"end":{"line":115,"column":78}},"34":{"start":{"line":115,"column":79},"end":{"line":115,"column":93}},"35":{"start":{"line":116,"column":12},"end":{"line":116,"column":25}},"36":{"start":{"line":118,"column":8},"end":{"line":118,"column":22}},"37":{"start":{"line":122,"column":21},"end":{"line":122,"column":34}},"38":{"start":{"line":124,"column":21},"end":{"line":124,"column":35}},"39":{"start":{"line":125,"column":21},"end":{"line":125,"column":37}},"40":{"start":{"line":126,"column":21},"end":{"line":126,"column":37}},"41":{"start":{"line":127,"column":8},"end":{"line":127,"column":36}},"42":{"start":{"line":127,"column":27},"end":{"line":127,"column":34}},"43":{"start":{"line":128,"column":21},"end":{"line":128,"column":85}},"44":{"start":{"line":129,"column":21},"end":{"line":129,"column":81}},"45":{"start":{"line":131,"column":8},"end":{"line":131,"column":36}},"46":{"start":{"line":132,"column":8},"end":{"line":132,"column":36}},"47":{"start":{"line":133,"column":19},"end":{"line":133,"column":20}},"48":{"start":{"line":134,"column":19},"end":{"line":134,"column":20}},"49":{"start":{"line":136,"column":21},"end":{"line":146,"column":11}},"50":{"start":{"line":137,"column":20},"end":{"line":137,"column":26}},"51":{"start":{"line":137,"column":39},"end":{"line":137,"column":49}},"52":{"start":{"line":138,"column":20},"end":{"line":138,"column":26}},"53":{"start":{"line":138,"column":39},"end":{"line":138,"column":50}},"54":{"start":{"line":139,"column":26},"end":{"line":143,"column":13}},"55":{"start":{"line":144,"column":12},"end":{"line":144,"column":95}},"56":{"start":{"line":144,"column":69},"end":{"line":144,"column":78}},"57":{"start":{"line":144,"column":79},"end":{"line":144,"column":93}},"58":{"start":{"line":145,"column":12},"end":{"line":145,"column":25}},"59":{"start":{"line":147,"column":8},"end":{"line":147,"column":22}},"60":{"start":{"line":157,"column":21},"end":{"line":157,"column":49}},"61":{"start":{"line":158,"column":8},"end":{"line":160,"column":11}},"62":{"start":{"line":159,"column":12},"end":{"line":159,"column":32}},"63":{"start":{"line":161,"column":8},"end":{"line":161,"column":33}},"64":{"start":{"line":166,"column":0},"end":{"line":166,"column":41}}},"fnMap":{"0":{"name":"(anonymous_0)","decl":{"start":{"line":82,"column":4},"end":{"line":82,"column":22}},"loc":{"start":{"line":82,"column":45},"end":{"line":88,"column":5}}},"1":{"name":"(anonymous_1)","decl":{"start":{"line":86,"column":34},"end":{"line":86,"column":35}},"loc":{"start":{"line":86,"column":57},"end":{"line":86,"column":83}}},"2":{"name":"(anonymous_2)","decl":{"start":{"line":90,"column":12},"end":{"line":90,"column":22}},"loc":{"start":{"line":90,"column":34},"end":{"line":119,"column":5}}},"3":{"name":"(anonymous_3)","decl":{"start":{"line":92,"column":40},"end":{"line":92,"column":41}},"loc":{"start":{"line":92,"column":46},"end":{"line":92,"column":68}}},"4":{"name":"(anonymous_4)","decl":{"start":{"line":105,"column":48},"end":{"line":105,"column":49}},"loc":{"start":{"line":105,"column":52},"end":{"line":117,"column":10}}},"5":{"name":"(anonymous_5)","decl":{"start":{"line":121,"column":12},"end":{"line":121,"column":20}},"loc":{"start":{"line":121,"column":32},"end":{"line":148,"column":5}}},"6":{"name":"(anonymous_6)","decl":{"start":{"line":136,"column":48},"end":{"line":136,"column":49}},"loc":{"start":{"line":136,"column":52},"end":{"line":146,"column":10}}},"7":{"name":"(anonymous_7)","decl":{"start":{"line":156,"column":14},"end":{"line":156,"column":22}},"loc":{"start":{"line":156,"column":54},"end":{"line":162,"column":5}}},"8":{"name":"(anonymous_8)","decl":{"start":{"line":158,"column":23},"end":{"line":158,"column":24}},"loc":{"start":{"line":158,"column":52},"end":{"line":160,"column":9}}}},"branchMap":{"0":{"loc":{"start":{"line":87,"column":12},"end":{"line":87,"column":26}},"type":"cond-expr","locations":[{"start":{"line":87,"column":12},"end":{"line":87,"column":26}},{"start":{"line":87,"column":29},"end":{"line":87,"column":45}}]},"1":{"loc":{"start":{"line":96,"column":8},"end":{"line":96,"column":36}},"type":"if","locations":[{"start":{"line":96,"column":8},"end":{"line":96,"column":36}},{"start":{"line":96,"column":8},"end":{"line":96,"column":36}}]},"2":{"loc":{"start":{"line":97,"column":56},"end":{"line":97,"column":73}},"type":"cond-expr","locations":[{"start":{"line":97,"column":56},"end":{"line":97,"column":73}},{"start":{"line":97,"column":76},"end":{"line":97,"column":85}}]},"3":{"loc":{"start":{"line":98,"column":56},"end":{"line":98,"column":73}},"type":"cond-expr","locations":[{"start":{"line":98,"column":56},"end":{"line":98,"column":73}},{"start":{"line":98,"column":76},"end":{"line":98,"column":81}}]},"4":{"loc":{"start":{"line":100,"column":17},"end":{"line":100,"column":22}},"type":"binary-expr","locations":[{"start":{"line":100,"column":17},"end":{"line":100,"column":22}},{"start":{"line":100,"column":27},"end":{"line":100,"column":35}}]},"5":{"loc":{"start":{"line":101,"column":17},"end":{"line":101,"column":23}},"type":"binary-expr","locations":[{"start":{"line":101,"column":17},"end":{"line":101,"column":23}},{"start":{"line":101,"column":27},"end":{"line":101,"column":35}}]},"6":{"loc":{"start":{"line":108,"column":12},"end":{"line":108,"column":73}},"type":"if","locations":[{"start":{"line":108,"column":12},"end":{"line":108,"column":73}},{"start":{"line":108,"column":12},"end":{"line":108,"column":73}}]},"7":{"loc":{"start":{"line":108,"column":16},"end":{"line":108,"column":38}},"type":"binary-expr","locations":[{"start":{"line":108,"column":16},"end":{"line":108,"column":38}},{"start":{"line":108,"column":42},"end":{"line":108,"column":46}}]},"8":{"loc":{"start":{"line":109,"column":12},"end":{"line":109,"column":73}},"type":"if","locations":[{"start":{"line":109,"column":12},"end":{"line":109,"column":73}},{"start":{"line":109,"column":12},"end":{"line":109,"column":73}}]},"9":{"loc":{"start":{"line":109,"column":16},"end":{"line":109,"column":38}},"type":"binary-expr","locations":[{"start":{"line":109,"column":16},"end":{"line":109,"column":38}},{"start":{"line":109,"column":42},"end":{"line":109,"column":46}}]},"10":{"loc":{"start":{"line":115,"column":12},"end":{"line":115,"column":95}},"type":"if","locations":[{"start":{"line":115,"column":12},"end":{"line":115,"column":95}},{"start":{"line":115,"column":12},"end":{"line":115,"column":95}}]},"11":{"loc":{"start":{"line":127,"column":8},"end":{"line":127,"column":36}},"type":"if","locations":[{"start":{"line":127,"column":8},"end":{"line":127,"column":36}},{"start":{"line":127,"column":8},"end":{"line":127,"column":36}}]},"12":{"loc":{"start":{"line":128,"column":56},"end":{"line":128,"column":73}},"type":"cond-expr","locations":[{"start":{"line":128,"column":56},"end":{"line":128,"column":73}},{"start":{"line":128,"column":76},"end":{"line":128,"column":85}}]},"13":{"loc":{"start":{"line":129,"column":56},"end":{"line":129,"column":73}},"type":"cond-expr","locations":[{"start":{"line":129,"column":56},"end":{"line":129,"column":73}},{"start":{"line":129,"column":76},"end":{"line":129,"column":81}}]},"14":{"loc":{"start":{"line":131,"column":17},"end":{"line":131,"column":22}},"type":"binary-expr","locations":[{"start":{"line":131,"column":17},"end":{"line":131,"column":22}},{"start":{"line":131,"column":27},"end":{"line":131,"column":35}}]},"15":{"loc":{"start":{"line":132,"column":17},"end":{"line":132,"column":23}},"type":"binary-expr","locations":[{"start":{"line":132,"column":17},"end":{"line":132,"column":23}},{"start":{"line":132,"column":27},"end":{"line":132,"column":35}}]},"16":{"loc":{"start":{"line":144,"column":12},"end":{"line":144,"column":95}},"type":"if","locations":[{"start":{"line":144,"column":12},"end":{"line":144,"column":95}},{"start":{"line":144,"column":12},"end":{"line":144,"column":95}}]}},"s":{"0":4,"1":4,"2":2,"3":2,"4":2,"5":3,"6":1,"7":1,"8":2,"9":1,"10":1,"11":1,"12":1,"13":1,"14":1,"15":1,"16":1,"17":1,"18":1,"19":1,"20":1,"21":2,"22":2,"23":2,"24":2,"25":2,"26":0,"27":0,"28":2,"29":0,"30":0,"31":2,"32":2,"33":0,"34":0,"35":2,"36":1,"37":1,"38":1,"39":1,"40":1,"41":1,"42":1,"43":1,"44":1,"45":1,"46":1,"47":1,"48":1,"49":1,"50":2,"51":2,"52":2,"53":2,"54":2,"55":2,"56":2,"57":2,"58":2,"59":1,"60":2,"61":2,"62":4,"63":2,"64":4},"f":{"0":2,"1":3,"2":1,"3":2,"4":2,"5":1,"6":2,"7":2,"8":4},"b":{"0":[1,1],"1":[1,0],"2":[1,0],"3":[1,0],"4":[1,0],"5":[1,0],"6":[0,2],"7":[2,0],"8":[0,2],"9":[2,0],"10":[0,2],"11":[1,0],"12":[1,0],"13":[1,0],"14":[1,0],"15":[1,0],"16":[2,0]}}
,"/Users/sth1pal/Documents/Development/JavaScript/nodejs/ts6/dev/hsLibs/mithril/hsLayout/src/view/Tokens.ts": {"path":"/Users/sth1pal/Documents/Development/JavaScript/nodejs/ts6/dev/hsLibs/mithril/hsLayout/src/view/Tokens.ts","statementMap":{"0":{"start":{"line":10,"column":24},"end":{"line":10,"column":36}},"1":{"start":{"line":11,"column":23},"end":{"line":11,"column":40}},"2":{"start":{"line":9,"column":0},"end":{"line":12,"column":1}},"3":{"start":{"line":18,"column":32},"end":{"line":18,"column":44}},"4":{"start":{"line":17,"column":0},"end":{"line":19,"column":1}},"5":{"start":{"line":25,"column":20},"end":{"line":25,"column":30}},"6":{"start":{"line":24,"column":0},"end":{"line":26,"column":1}},"7":{"start":{"line":32,"column":31},"end":{"line":32,"column":43}},"8":{"start":{"line":31,"column":0},"end":{"line":33,"column":1}},"9":{"start":{"line":39,"column":31},"end":{"line":39,"column":43}},"10":{"start":{"line":38,"column":0},"end":{"line":40,"column":1}},"11":{"start":{"line":46,"column":34},"end":{"line":46,"column":60}},"12":{"start":{"line":46,"column":0},"end":{"line":46,"column":62}},"13":{"start":{"line":52,"column":34},"end":{"line":52,"column":62}},"14":{"start":{"line":52,"column":0},"end":{"line":52,"column":64}},"15":{"start":{"line":57,"column":13},"end":{"line":57,"column":36}}},"fnMap":{"0":{"name":"(anonymous_0)","decl":{"start":{"line":10,"column":4},"end":{"line":10,"column":23}},"loc":{"start":{"line":10,"column":36},"end":{"line":10,"column":40}}},"1":{"name":"(anonymous_1)","decl":{"start":{"line":11,"column":11},"end":{"line":11,"column":17}},"loc":{"start":{"line":11,"column":18},"end":{"line":11,"column":42}}},"2":{"name":"(anonymous_2)","decl":{"start":{"line":18,"column":4},"end":{"line":18,"column":15}},"loc":{"start":{"line":18,"column":28},"end":{"line":18,"column":46}}},"3":{"name":"(anonymous_3)","decl":{"start":{"line":25,"column":4},"end":{"line":25,"column":19}},"loc":{"start":{"line":25,"column":4},"end":{"line":25,"column":32}}},"4":{"name":"(anonymous_4)","decl":{"start":{"line":32,"column":4},"end":{"line":32,"column":15}},"loc":{"start":{"line":32,"column":27},"end":{"line":32,"column":45}}},"5":{"name":"(anonymous_5)","decl":{"start":{"line":39,"column":4},"end":{"line":39,"column":15}},"loc":{"start":{"line":39,"column":27},"end":{"line":39,"column":45}}},"6":{"name":"px","decl":{"start":{"line":46,"column":16},"end":{"line":46,"column":18}},"loc":{"start":{"line":46,"column":28},"end":{"line":46,"column":62}}},"7":{"name":"pc","decl":{"start":{"line":52,"column":16},"end":{"line":52,"column":18}},"loc":{"start":{"line":52,"column":28},"end":{"line":52,"column":64}}}},"branchMap":{},"s":{"0":24,"1":18,"2":6,"3":17,"4":6,"5":7,"6":6,"7":13,"8":6,"9":4,"10":6,"11":13,"12":6,"13":4,"14":6,"15":6},"f":{"0":24,"1":18,"2":17,"3":7,"4":13,"5":4,"6":13,"7":4},"b":{}}
}
