TN:
SF:/Users/sth1pal/Documents/Development/JavaScript/nodejs/ts6/dev/hsLibs/mithril/hsLayout/src/Config.ts
FN:97,(anonymous_7)
FN:106,(anonymous_9)
FN:123,translate
FN:131,(anonymous_11)
FN:164,resolve
FN:167,(anonymous_13)
FN:172,isSynonym
FNF:7
FNH:7
FNDA:1,(anonymous_7)
FNDA:1,(anonymous_9)
FNDA:29,translate
FNDA:28,(anonymous_11)
FNDA:28,resolve
FNDA:28,(anonymous_13)
FNDA:29,isSynonym
DA:90,4
DA:91,4
DA:96,4
DA:98,1
DA:99,1
DA:100,1
DA:103,1
DA:107,1
DA:108,1
DA:125,29
DA:127,29
DA:128,15
DA:130,15
DA:131,15
DA:132,28
DA:133,28
DA:135,28
DA:136,4
DA:137,4
DA:141,4
DA:147,24
DA:148,9
DA:150,24
DA:153,15
DA:165,28
DA:167,28
DA:168,28
DA:169,28
DA:172,29
LF:29
LH:29
BRDA:99,0,0,1
BRDA:99,0,1,0
BRDA:101,1,0,0
BRDA:101,1,1,1
BRDA:108,2,0,1
BRDA:108,2,1,0
BRDA:108,3,0,1
BRDA:108,3,1,1
BRDA:125,4,0,7
BRDA:125,4,1,22
BRDA:127,5,0,14
BRDA:127,5,1,15
BRDA:128,6,0,7
BRDA:128,6,1,8
BRDA:135,7,0,4
BRDA:135,7,1,24
BRDA:142,8,0,4
BRDA:142,8,1,0
BRDA:141,9,0,4
BRDA:141,9,1,4
BRDA:147,10,0,9
BRDA:147,10,1,15
BRDA:172,11,0,29
BRDA:172,11,1,17
BRF:24
BRH:20
end_of_record
TN:
SF:/Users/sth1pal/Documents/Development/JavaScript/nodejs/ts6/dev/hsLibs/mithril/hsLayout/src/index.ts
FNF:0
FNH:0
DA:6,4
DA:7,4
DA:9,4
DA:10,4
DA:11,4
DA:12,4
DA:13,4
DA:14,4
LF:8
LH:8
BRF:0
BRH:0
end_of_record
TN:
SF:/Users/sth1pal/Documents/Development/JavaScript/nodejs/ts6/dev/hsLibs/mithril/hsLayout/src/mithril.ts
FNF:0
FNH:0
DA:9,4
LF:1
LH:1
BRF:0
BRH:0
end_of_record
TN:
SF:/Users/sth1pal/Documents/Development/JavaScript/nodejs/ts6/dev/hsLibs/mithril/hsLayout/src/view/Layout.ts
FN:65,(anonymous_0)
FN:67,(anonymous_1)
FN:83,(anonymous_2)
FN:88,(anonymous_3)
FN:93,(anonymous_4)
FN:120,(anonymous_5)
FN:136,(anonymous_6)
FN:138,(anonymous_7)
FNF:8
FNH:7
FNDA:30,(anonymous_0)
FNDA:20,(anonymous_1)
FNDA:30,(anonymous_2)
FNDA:30,(anonymous_3)
FNDA:20,(anonymous_4)
FNDA:30,(anonymous_5)
FNDA:0,(anonymous_6)
FNDA:40,(anonymous_7)
DA:18,4
DA:19,4
DA:20,4
DA:45,4
DA:66,30
DA:68,20
DA:69,3
DA:70,3
DA:72,17
DA:84,30
DA:89,30
DA:90,17
DA:92,13
DA:93,10
DA:94,20
DA:98,3
DA:121,30
DA:122,30
DA:123,30
DA:128,30
DA:129,30
DA:130,0
DA:131,0
DA:132,0
DA:133,0
DA:134,0
DA:136,0
DA:138,40
LF:28
LH:22
BRDA:66,0,0,20
BRDA:66,0,1,10
BRDA:68,1,0,3
BRDA:68,1,1,17
BRDA:84,2,0,30
BRDA:84,2,1,22
BRDA:89,3,0,17
BRDA:89,3,1,13
BRDA:92,4,0,10
BRDA:92,4,1,3
BRDA:94,5,0,0
BRDA:94,5,1,20
BRDA:129,6,0,0
BRDA:129,6,1,30
BRF:14
BRH:12
end_of_record
TN:
SF:/Users/sth1pal/Documents/Development/JavaScript/nodejs/ts6/dev/hsLibs/mithril/hsLayout/src/view/Layouter.ts
FN:111,(anonymous_0)
FN:54,(anonymous_1)
FN:56,(anonymous_2)
FN:76,(anonymous_3)
FN:89,(anonymous_4)
FN:91,(anonymous_5)
FNF:6
FNH:6
FNDA:9,(anonymous_0)
FNDA:9,(anonymous_1)
FNDA:19,(anonymous_2)
FNDA:12,(anonymous_3)
FNDA:30,(anonymous_4)
FNDA:79,(anonymous_5)
DA:13,5
DA:38,5
DA:43,5
DA:55,9
DA:56,9
DA:57,19
DA:58,19
DA:59,11
DA:60,7
DA:62,0
DA:78,12
DA:90,30
DA:91,30
DA:92,79
DA:93,9
DA:95,9
DA:97,70
DA:99,30
DA:103,9
DA:111,9
LF:20
LH:19
BRDA:55,0,0,0
BRDA:55,0,1,9
BRDA:57,1,0,19
BRDA:57,1,1,0
BRDA:58,2,0,8
BRDA:58,2,1,11
BRDA:59,3,0,4
BRDA:59,3,1,7
BRDA:60,4,0,7
BRDA:60,4,1,0
BRDA:92,5,0,9
BRDA:92,5,1,70
BRF:12
BRH:9
end_of_record
TN:
SF:/Users/sth1pal/Documents/Development/JavaScript/nodejs/ts6/dev/hsLibs/mithril/hsLayout/src/view/PillaredLayouter.ts
FN:99,(anonymous_0)
FN:108,(anonymous_1)
FN:112,(anonymous_2)
FN:116,(anonymous_3)
FN:130,(anonymous_4)
FN:136,(anonymous_5)
FN:146,(anonymous_6)
FN:151,(anonymous_7)
FN:154,pass
FN:156,(anonymous_9)
FN:167,(anonymous_10)
FN:168,(anonymous_11)
FN:172,(anonymous_12)
FN:180,(anonymous_13)
FN:199,(anonymous_14)
FN:222,(anonymous_15)
FN:225,(anonymous_16)
FN:227,(anonymous_17)
FN:287,(anonymous_18)
FN:344,(anonymous_19)
FNF:20
FNH:20
FNDA:7,(anonymous_0)
FNDA:9,(anonymous_1)
FNDA:14,(anonymous_2)
FNDA:8,(anonymous_3)
FNDA:7,(anonymous_4)
FNDA:15,(anonymous_5)
FNDA:2,(anonymous_6)
FNDA:4,(anonymous_7)
FNDA:4,pass
FNDA:6,(anonymous_9)
FNDA:4,(anonymous_10)
FNDA:2,(anonymous_11)
FNDA:5,(anonymous_12)
FNDA:11,(anonymous_13)
FNDA:6,(anonymous_14)
FNDA:7,(anonymous_15)
FNDA:15,(anonymous_16)
FNDA:45,(anonymous_17)
FNDA:4,(anonymous_18)
FNDA:3,(anonymous_19)
DA:44,4
DA:45,4
DA:63,4
DA:70,4
DA:99,7
DA:100,7
DA:101,7
DA:102,7
DA:104,7
DA:105,7
DA:106,7
DA:108,9
DA:112,7
DA:113,14
DA:116,7
DA:117,8
DA:119,7
DA:120,7
DA:131,7
DA:132,7
DA:133,7
DA:134,7
DA:136,7
DA:137,15
DA:138,15
DA:139,15
DA:140,14
DA:141,7
DA:142,15
DA:147,2
DA:148,2
DA:149,2
DA:151,4
DA:152,2
DA:155,4
DA:156,4
DA:157,6
DA:158,6
DA:159,4
DA:160,4
DA:161,4
DA:162,4
DA:163,4
DA:167,4
DA:168,2
DA:169,2
DA:173,5
DA:174,5
DA:176,5
DA:179,5
DA:180,5
DA:181,11
DA:182,5
DA:183,5
DA:184,5
DA:185,5
DA:186,6
DA:187,5
DA:188,5
DA:189,5
DA:190,5
DA:191,1
DA:192,1
DA:194,10
DA:198,5
DA:199,5
DA:200,6
DA:201,6
DA:202,1
DA:203,1
DA:204,1
DA:206,5
DA:207,1
DA:209,5
DA:211,1
DA:213,5
DA:223,7
DA:224,7
DA:225,7
DA:226,15
DA:227,45
DA:229,7
DA:287,4
DA:344,3
DA:347,4
DA:348,4
LF:86
LH:86
BRDA:109,0,0,5
BRDA:109,0,1,2
BRDA:113,1,0,7
BRDA:113,1,1,7
BRDA:117,2,0,1
BRDA:117,2,1,7
BRDA:139,3,0,1
BRDA:139,3,1,14
BRDA:140,4,0,7
BRDA:140,4,1,7
BRDA:141,5,0,0
BRDA:141,5,1,7
BRDA:141,6,0,7
BRDA:141,6,1,7
BRDA:151,7,0,2
BRDA:151,7,1,2
BRDA:157,8,0,6
BRDA:157,8,1,4
BRDA:158,9,0,2
BRDA:158,9,1,4
BRDA:181,10,0,5
BRDA:181,10,1,6
BRDA:183,11,0,5
BRDA:183,11,1,5
BRDA:183,12,0,5
BRDA:183,12,1,5
BRDA:186,13,0,5
BRDA:186,13,1,1
BRDA:187,14,0,5
BRDA:187,14,1,0
BRDA:191,15,0,1
BRDA:191,15,1,0
BRDA:201,16,0,1
BRDA:201,16,1,5
BRDA:202,17,0,1
BRDA:202,17,1,1
BRDA:202,18,0,1
BRDA:202,18,1,1
BRDA:206,19,0,1
BRDA:206,19,1,4
BRDA:206,20,0,5
BRDA:206,20,1,1
BRF:42
BRH:39
end_of_record
TN:
SF:/Users/sth1pal/Documents/Development/JavaScript/nodejs/ts6/dev/hsLibs/mithril/hsLayout/src/view/TileLayouter.ts
FN:82,(anonymous_0)
FN:86,(anonymous_1)
FN:90,(anonymous_2)
FN:92,(anonymous_3)
FN:105,(anonymous_4)
FN:121,(anonymous_5)
FN:136,(anonymous_6)
FN:156,(anonymous_7)
FN:158,(anonymous_8)
FNF:9
FNH:9
FNDA:2,(anonymous_0)
FNDA:3,(anonymous_1)
FNDA:1,(anonymous_2)
FNDA:2,(anonymous_3)
FNDA:2,(anonymous_4)
FNDA:1,(anonymous_5)
FNDA:2,(anonymous_6)
FNDA:2,(anonymous_7)
FNDA:4,(anonymous_8)
DA:63,4
DA:64,4
DA:82,2
DA:83,2
DA:86,3
DA:91,1
DA:92,2
DA:93,1
DA:94,1
DA:95,1
DA:96,1
DA:97,1
DA:98,1
DA:100,1
DA:101,1
DA:102,1
DA:103,1
DA:105,1
DA:106,2
DA:107,2
DA:108,2
DA:109,2
DA:110,2
DA:115,2
DA:116,2
DA:118,1
DA:122,1
DA:124,1
DA:125,1
DA:126,1
DA:127,1
DA:128,1
DA:129,1
DA:131,1
DA:132,1
DA:133,1
DA:134,1
DA:136,1
DA:137,2
DA:138,2
DA:139,2
DA:144,2
DA:145,2
DA:147,1
DA:157,2
DA:158,2
DA:159,4
DA:161,2
DA:166,4
LF:49
LH:49
BRDA:87,0,0,1
BRDA:87,0,1,1
BRDA:96,1,0,1
BRDA:96,1,1,0
BRDA:97,2,0,1
BRDA:97,2,1,0
BRDA:98,3,0,1
BRDA:98,3,1,0
BRDA:100,4,0,1
BRDA:100,4,1,0
BRDA:101,5,0,1
BRDA:101,5,1,0
BRDA:108,6,0,0
BRDA:108,6,1,2
BRDA:108,7,0,2
BRDA:108,7,1,0
BRDA:109,8,0,0
BRDA:109,8,1,2
BRDA:109,9,0,2
BRDA:109,9,1,0
BRDA:115,10,0,0
BRDA:115,10,1,2
BRDA:127,11,0,1
BRDA:127,11,1,0
BRDA:128,12,0,1
BRDA:128,12,1,0
BRDA:129,13,0,1
BRDA:129,13,1,0
BRDA:131,14,0,1
BRDA:131,14,1,0
BRDA:132,15,0,1
BRDA:132,15,1,0
BRDA:144,16,0,2
BRDA:144,16,1,0
BRF:34
BRH:18
end_of_record
TN:
SF:/Users/sth1pal/Documents/Development/JavaScript/nodejs/ts6/dev/hsLibs/mithril/hsLayout/src/view/Tokens.ts
FN:10,(anonymous_0)
FN:11,(anonymous_1)
FN:18,(anonymous_2)
FN:25,(anonymous_3)
FN:32,(anonymous_4)
FN:39,(anonymous_5)
FN:46,px
FN:52,pc
FNF:8
FNH:8
FNDA:18,(anonymous_0)
FNDA:14,(anonymous_1)
FNDA:12,(anonymous_2)
FNDA:6,(anonymous_3)
FNDA:8,(anonymous_4)
FNDA:4,(anonymous_5)
FNDA:8,px
FNDA:4,pc
DA:9,5
DA:10,18
DA:11,14
DA:17,5
DA:18,12
DA:24,5
DA:25,6
DA:31,5
DA:32,8
DA:38,5
DA:39,4
DA:46,8
DA:52,5
DA:57,5
LF:14
LH:14
BRF:0
BRH:0
end_of_record
