TN:
SF:/Users/sth1pal/Documents/Development/JavaScript/nodejs/ts6/dev/hsLibs/mithril/hsLayout/src/hsConfig.ts
FN:48,copy
FN:53,(anonymous_1)
FN:66,resolve
FN:68,(anonymous_3)
FN:82,recurse
FN:86,(anonymous_5)
FN:145,(anonymous_6)
FN:152,(anonymous_7)
FN:172,decodeRoute
FN:174,(anonymous_9)
FN:177,(anonymous_10)
FN:178,(anonymous_11)
FN:190,decode
FN:195,(anonymous_13)
FN:208,prepareRoutes
FN:211,(anonymous_15)
FN:213,(anonymous_16)
FN:220,(anonymous_17)
FN:223,mountOrRoute
FN:235,(anonymous_19)
FN:242,(anonymous_20)
FN:246,(anonymous_21)
FN:250,(anonymous_22)
FN:252,(anonymous_23)
FN:253,(anonymous_24)
FNF:25
FNH:24
FNDA:216,copy
FNDA:214,(anonymous_1)
FNDA:189,resolve
FNDA:352,(anonymous_3)
FNDA:191,recurse
FNDA:189,(anonymous_5)
FNDA:2,(anonymous_6)
FNDA:2,(anonymous_7)
FNDA:1,decodeRoute
FNDA:3,(anonymous_9)
FNDA:3,(anonymous_10)
FNDA:3,(anonymous_11)
FNDA:2,decode
FNDA:2,(anonymous_13)
FNDA:1,prepareRoutes
FNDA:1,(anonymous_15)
FNDA:2,(anonymous_16)
FNDA:3,(anonymous_17)
FNDA:2,mountOrRoute
FNDA:1,(anonymous_19)
FNDA:2,(anonymous_20)
FNDA:2,(anonymous_21)
FNDA:1,(anonymous_22)
FNDA:1,(anonymous_23)
FNDA:0,(anonymous_24)
DA:41,4
DA:42,4
DA:50,216
DA:51,178
DA:52,115
DA:53,214
DA:54,101
DA:68,352
DA:69,189
DA:83,191
DA:84,104
DA:85,104
DA:86,104
DA:87,189
DA:88,189
DA:89,189
DA:90,32
DA:94,32
DA:98,157
DA:100,104
DA:135,4
DA:145,2
DA:173,1
DA:174,1
DA:175,3
DA:176,3
DA:177,3
DA:178,3
DA:181,1
DA:191,2
DA:192,2
DA:193,1
DA:195,1
DA:196,2
DA:197,1
DA:198,1
DA:199,1
DA:201,0
DA:205,2
DA:209,1
DA:212,1
DA:213,1
DA:214,2
DA:216,1
DA:219,1
DA:220,3
DA:224,2
DA:225,2
DA:226,2
DA:227,0
DA:228,0
DA:230,2
DA:231,1
DA:232,1
DA:233,1
DA:235,1
DA:236,0
DA:240,2
DA:241,2
DA:242,2
DA:247,2
DA:251,1
DA:252,1
DA:254,0
DA:255,0
LF:65
LH:59
BRDA:50,0,0,38
BRDA:50,0,1,178
BRDA:51,1,0,63
BRDA:51,1,1,115
BRDA:83,2,0,87
BRDA:83,2,1,104
BRDA:85,3,0,39
BRDA:85,3,1,65
BRDA:89,4,0,32
BRDA:89,4,1,157
BRDA:95,5,0,31
BRDA:95,5,1,1
BRDA:94,6,0,32
BRDA:94,6,1,32
BRDA:176,7,0,2
BRDA:176,7,1,1
BRDA:178,8,0,2
BRDA:178,8,1,1
BRDA:192,9,0,1
BRDA:192,9,1,1
BRDA:192,10,0,2
BRDA:192,10,1,1
BRDA:196,11,0,1
BRDA:196,11,1,1
BRDA:196,12,0,2
BRDA:196,12,1,1
BRDA:198,13,0,1
BRDA:198,13,1,0
BRDA:226,14,0,0
BRDA:226,14,1,2
BRDA:230,15,0,1
BRDA:230,15,1,1
BRDA:247,16,0,1
BRDA:247,16,1,1
BRF:34
BRH:32
end_of_record
TN:
SF:/Users/sth1pal/Documents/Development/JavaScript/nodejs/ts6/dev/hsLibs/mithril/hsLayout/src/index.ts
FNF:0
FNH:0
DA:5,4
DA:6,4
DA:8,4
DA:9,4
DA:10,4
DA:11,4
DA:12,4
DA:13,4
LF:8
LH:8
BRDA:5,0,0,4
BRDA:5,0,1,0
BRDA:6,1,0,4
BRDA:6,1,1,0
BRF:4
BRH:2
end_of_record
TN:
SF:/Users/sth1pal/Documents/Development/JavaScript/nodejs/ts6/dev/hsLibs/mithril/hsLayout/src/mithril.ts
FNF:0
FNH:0
DA:9,5
LF:1
LH:1
BRF:0
BRH:0
end_of_record
TN:
SF:/Users/sth1pal/Documents/Development/JavaScript/nodejs/ts6/dev/hsLibs/mithril/hsLayout/src/view/Layout.ts
FN:64,(anonymous_0)
FN:66,(anonymous_1)
FN:82,(anonymous_2)
FN:87,(anonymous_3)
FN:92,(anonymous_4)
FN:119,(anonymous_5)
FN:133,(anonymous_6)
FNF:7
FNH:7
FNDA:183,(anonymous_0)
FNDA:48,(anonymous_1)
FNDA:208,(anonymous_2)
FNDA:208,(anonymous_3)
FNDA:168,(anonymous_4)
FNDA:208,(anonymous_5)
FNDA:337,(anonymous_6)
DA:18,5
DA:19,5
DA:44,5
DA:65,183
DA:67,48
DA:68,30
DA:69,30
DA:71,18
DA:83,208
DA:88,208
DA:89,138
DA:91,70
DA:92,39
DA:93,168
DA:97,31
DA:120,208
DA:121,208
DA:122,208
DA:127,208
DA:128,208
DA:129,2
DA:130,2
DA:131,2
DA:133,337
LF:24
LH:24
BRDA:65,0,0,168
BRDA:65,0,1,15
BRDA:67,1,0,30
BRDA:67,1,1,18
BRDA:83,2,0,208
BRDA:83,2,1,173
BRDA:88,3,0,138
BRDA:88,3,1,70
BRDA:91,4,0,39
BRDA:91,4,1,31
BRDA:93,5,0,0
BRDA:93,5,1,168
BRDA:128,6,0,2
BRDA:128,6,1,206
BRF:14
BRH:13
end_of_record
TN:
SF:/Users/sth1pal/Documents/Development/JavaScript/nodejs/ts6/dev/hsLibs/mithril/hsLayout/src/view/Layouter.ts
FN:111,(anonymous_0)
FN:54,(anonymous_1)
FN:56,(anonymous_2)
FN:76,(anonymous_3)
FN:89,(anonymous_4)
FN:91,(anonymous_5)
FNF:6
FNH:6
FNDA:37,(anonymous_0)
FNDA:37,(anonymous_1)
FNDA:63,(anonymous_2)
FNDA:12,(anonymous_3)
FNDA:208,(anonymous_4)
FNDA:571,(anonymous_5)
DA:13,6
DA:38,6
DA:43,6
DA:55,37
DA:56,37
DA:57,63
DA:58,63
DA:59,45
DA:60,29
DA:62,0
DA:78,12
DA:90,208
DA:91,208
DA:92,571
DA:93,37
DA:94,37
DA:95,37
DA:97,534
DA:99,208
DA:103,37
DA:111,37
LF:21
LH:20
BRDA:55,0,0,0
BRDA:55,0,1,37
BRDA:57,1,0,63
BRDA:57,1,1,0
BRDA:58,2,0,18
BRDA:58,2,1,45
BRDA:59,3,0,16
BRDA:59,3,1,29
BRDA:60,4,0,17
BRDA:60,4,1,12
BRDA:92,5,0,37
BRDA:92,5,1,534
BRF:12
BRH:10
end_of_record
TN:
SF:/Users/sth1pal/Documents/Development/JavaScript/nodejs/ts6/dev/hsLibs/mithril/hsLayout/src/view/PillaredLayouter.ts
FN:99,(anonymous_0)
FN:108,(anonymous_1)
FN:112,(anonymous_2)
FN:116,(anonymous_3)
FN:130,(anonymous_4)
FN:136,(anonymous_5)
FN:146,(anonymous_6)
FN:151,(anonymous_7)
FN:154,pass
FN:156,(anonymous_9)
FN:167,(anonymous_10)
FN:168,(anonymous_11)
FN:172,(anonymous_12)
FN:180,(anonymous_13)
FN:197,(anonymous_14)
FN:220,(anonymous_15)
FN:223,(anonymous_16)
FN:225,(anonymous_17)
FN:285,(anonymous_18)
FN:342,(anonymous_19)
FNF:20
FNH:20
FNDA:24,(anonymous_0)
FNDA:32,(anonymous_1)
FNDA:40,(anonymous_2)
FNDA:30,(anonymous_3)
FNDA:24,(anonymous_4)
FNDA:108,(anonymous_5)
FNDA:12,(anonymous_6)
FNDA:60,(anonymous_7)
FNDA:24,pass
FNDA:74,(anonymous_9)
FNDA:60,(anonymous_10)
FNDA:14,(anonymous_11)
FNDA:12,(anonymous_12)
FNDA:48,(anonymous_13)
FNDA:14,(anonymous_14)
FNDA:24,(anonymous_15)
FNDA:108,(anonymous_16)
FNDA:324,(anonymous_17)
FNDA:11,(anonymous_18)
FNDA:13,(anonymous_19)
DA:44,4
DA:45,4
DA:63,4
DA:70,4
DA:99,24
DA:100,24
DA:101,24
DA:102,24
DA:104,24
DA:105,24
DA:106,24
DA:108,32
DA:112,24
DA:113,40
DA:116,24
DA:117,30
DA:119,24
DA:120,24
DA:131,24
DA:132,24
DA:133,24
DA:134,24
DA:136,24
DA:137,108
DA:138,108
DA:139,108
DA:140,104
DA:141,82
DA:142,108
DA:147,12
DA:148,12
DA:149,12
DA:151,60
DA:152,12
DA:155,24
DA:156,24
DA:157,74
DA:158,74
DA:159,60
DA:160,60
DA:161,60
DA:162,60
DA:163,60
DA:167,60
DA:168,14
DA:169,12
DA:173,12
DA:174,12
DA:176,12
DA:179,12
DA:180,12
DA:181,48
DA:182,28
DA:183,28
DA:184,28
DA:185,28
DA:186,20
DA:187,18
DA:188,18
DA:189,18
DA:190,18
DA:191,2
DA:192,46
DA:196,12
DA:197,12
DA:198,14
DA:199,14
DA:200,2
DA:201,2
DA:202,2
DA:204,12
DA:205,2
DA:207,12
DA:209,2
DA:211,12
DA:221,24
DA:222,24
DA:223,24
DA:224,108
DA:225,324
DA:227,24
DA:285,11
DA:342,13
DA:345,4
DA:346,4
LF:85
LH:85
BRDA:109,0,0,12
BRDA:109,0,1,12
BRDA:113,1,0,22
BRDA:113,1,1,18
BRDA:117,2,0,12
BRDA:117,2,1,18
BRDA:139,3,0,4
BRDA:139,3,1,104
BRDA:140,4,0,22
BRDA:140,4,1,82
BRDA:141,5,0,22
BRDA:141,5,1,60
BRDA:141,6,0,82
BRDA:141,6,1,82
BRDA:151,7,0,18
BRDA:151,7,1,42
BRDA:157,8,0,74
BRDA:157,8,1,52
BRDA:158,9,0,14
BRDA:158,9,1,60
BRDA:181,10,0,28
BRDA:181,10,1,20
BRDA:183,11,0,28
BRDA:183,11,1,28
BRDA:183,12,0,28
BRDA:183,12,1,28
BRDA:186,13,0,18
BRDA:186,13,1,2
BRDA:187,14,0,8
BRDA:187,14,1,10
BRDA:191,15,0,2
BRDA:191,15,1,0
BRDA:199,16,0,2
BRDA:199,16,1,12
BRDA:200,17,0,2
BRDA:200,17,1,2
BRDA:200,18,0,2
BRDA:200,18,1,2
BRDA:204,19,0,2
BRDA:204,19,1,10
BRDA:204,20,0,12
BRDA:204,20,1,2
BRF:42
BRH:41
end_of_record
TN:
SF:/Users/sth1pal/Documents/Development/JavaScript/nodejs/ts6/dev/hsLibs/mithril/hsLayout/src/view/TileLayouter.ts
FN:82,(anonymous_0)
FN:86,(anonymous_1)
FN:90,(anonymous_2)
FN:92,(anonymous_3)
FN:105,(anonymous_4)
FN:121,(anonymous_5)
FN:136,(anonymous_6)
FN:156,(anonymous_7)
FN:158,(anonymous_8)
FNF:9
FNH:9
FNDA:13,(anonymous_0)
FNDA:18,(anonymous_1)
FNDA:12,(anonymous_2)
FNDA:17,(anonymous_3)
FNDA:54,(anonymous_4)
FNDA:1,(anonymous_5)
FNDA:2,(anonymous_6)
FNDA:13,(anonymous_7)
FNDA:56,(anonymous_8)
DA:63,4
DA:64,4
DA:82,13
DA:83,13
DA:86,18
DA:91,12
DA:92,17
DA:93,12
DA:94,12
DA:95,12
DA:96,12
DA:97,12
DA:98,12
DA:100,12
DA:101,12
DA:102,12
DA:103,12
DA:105,12
DA:106,54
DA:107,54
DA:108,54
DA:109,54
DA:110,54
DA:115,54
DA:116,54
DA:118,12
DA:122,1
DA:124,1
DA:125,1
DA:126,1
DA:127,1
DA:128,1
DA:129,1
DA:131,1
DA:132,1
DA:133,1
DA:134,1
DA:136,1
DA:137,2
DA:138,2
DA:139,2
DA:144,2
DA:145,2
DA:147,1
DA:157,13
DA:158,13
DA:159,56
DA:161,13
DA:166,4
LF:49
LH:49
BRDA:87,0,0,1
BRDA:87,0,1,12
BRDA:96,1,0,9
BRDA:96,1,1,3
BRDA:97,2,0,4
BRDA:97,2,1,8
BRDA:98,3,0,2
BRDA:98,3,1,10
BRDA:100,4,0,12
BRDA:100,4,1,8
BRDA:101,5,0,12
BRDA:101,5,1,8
BRDA:108,6,0,5
BRDA:108,6,1,49
BRDA:108,7,0,54
BRDA:108,7,1,17
BRDA:109,8,0,6
BRDA:109,8,1,48
BRDA:109,9,0,54
BRDA:109,9,1,23
BRDA:115,10,0,17
BRDA:115,10,1,37
BRDA:127,11,0,1
BRDA:127,11,1,0
BRDA:128,12,0,1
BRDA:128,12,1,0
BRDA:129,13,0,1
BRDA:129,13,1,0
BRDA:131,14,0,1
BRDA:131,14,1,0
BRDA:132,15,0,1
BRDA:132,15,1,0
BRDA:144,16,0,2
BRDA:144,16,1,0
BRF:34
BRH:28
end_of_record
TN:
SF:/Users/sth1pal/Documents/Development/JavaScript/nodejs/ts6/dev/hsLibs/mithril/hsLayout/src/view/Tokens.ts
FN:10,(anonymous_0)
FN:11,(anonymous_1)
FN:18,(anonymous_2)
FN:25,(anonymous_3)
FN:32,(anonymous_4)
FN:39,(anonymous_5)
FN:46,px
FN:52,pc
FNF:8
FNH:8
FNDA:42,(anonymous_0)
FNDA:58,(anonymous_1)
FNDA:35,(anonymous_2)
FNDA:7,(anonymous_3)
FNDA:19,(anonymous_4)
FNDA:16,(anonymous_5)
FNDA:19,px
FNDA:16,pc
DA:9,6
DA:10,42
DA:11,58
DA:17,6
DA:18,35
DA:24,6
DA:25,7
DA:31,6
DA:32,19
DA:38,6
DA:39,16
DA:46,19
DA:52,16
DA:57,6
LF:14
LH:14
BRF:0
BRH:0
end_of_record
