TN:
SF:/Users/sth1pal/Documents/Development/JavaScript/nodejs/ts6/dev/hsLibs/mithril/hsLayout/src/Config.ts
FN:66,(anonymous_0)
FN:69,(anonymous_1)
FN:77,(anonymous_2)
FN:95,translate
FN:103,(anonymous_4)
FN:128,resolve
FN:130,(anonymous_6)
FN:134,isSynonym
FNF:8
FNH:0
FNDA:0,(anonymous_0)
FNDA:0,(anonymous_1)
FNDA:0,(anonymous_2)
FNDA:0,translate
FNDA:0,(anonymous_4)
FNDA:0,resolve
FNDA:0,(anonymous_6)
FNDA:0,isSynonym
DA:60,3
DA:65,3
DA:67,0
DA:68,0
DA:69,0
DA:71,0
DA:74,0
DA:78,0
DA:80,0
DA:97,0
DA:99,0
DA:100,0
DA:102,0
DA:103,0
DA:104,0
DA:105,0
DA:106,0
DA:107,0
DA:111,0
DA:115,0
DA:117,0
DA:130,0
DA:131,0
DA:134,0
LF:24
LH:2
BRDA:68,0,0,0
BRDA:68,0,1,0
BRDA:69,1,0,0
BRDA:69,1,1,0
BRDA:80,2,0,0
BRDA:80,2,1,0
BRDA:80,3,0,0
BRDA:80,3,1,0
BRDA:97,4,0,0
BRDA:97,4,1,0
BRDA:99,5,0,0
BRDA:99,5,1,0
BRDA:100,6,0,0
BRDA:100,6,1,0
BRDA:106,7,0,0
BRDA:106,7,1,0
BRDA:112,8,0,0
BRDA:112,8,1,0
BRDA:111,9,0,0
BRDA:111,9,1,0
BRDA:134,10,0,0
BRDA:134,10,1,0
BRF:22
BRH:0
end_of_record
TN:
SF:/Users/sth1pal/Documents/Development/JavaScript/nodejs/ts6/dev/hsLibs/mithril/hsLayout/src/index.ts
FNF:0
FNH:0
DA:5,3
DA:6,3
DA:8,3
DA:9,3
DA:10,3
DA:11,3
DA:12,3
DA:13,3
LF:8
LH:8
BRDA:5,0,0,3
BRDA:5,0,1,0
BRDA:6,1,0,3
BRDA:6,1,1,0
BRF:4
BRH:2
end_of_record
TN:
SF:/Users/sth1pal/Documents/Development/JavaScript/nodejs/ts6/dev/hsLibs/mithril/hsLayout/src/mithril.ts
FNF:0
FNH:0
DA:9,4
LF:1
LH:1
BRF:0
BRH:0
end_of_record
TN:
SF:/Users/sth1pal/Documents/Development/JavaScript/nodejs/ts6/dev/hsLibs/mithril/hsLayout/src/view/Layout.ts
FN:64,(anonymous_0)
FN:66,(anonymous_1)
FN:82,(anonymous_2)
FN:87,(anonymous_3)
FN:92,(anonymous_4)
FN:119,(anonymous_5)
FN:133,(anonymous_6)
FNF:7
FNH:7
FNDA:24,(anonymous_0)
FNDA:16,(anonymous_1)
FNDA:24,(anonymous_2)
FNDA:24,(anonymous_3)
FNDA:16,(anonymous_4)
FNDA:24,(anonymous_5)
FNDA:32,(anonymous_6)
DA:18,4
DA:19,4
DA:44,4
DA:65,24
DA:67,16
DA:68,0
DA:69,0
DA:71,16
DA:83,24
DA:88,24
DA:89,16
DA:91,8
DA:92,8
DA:93,16
DA:97,0
DA:120,24
DA:121,24
DA:122,24
DA:127,24
DA:128,24
DA:129,2
DA:130,2
DA:131,2
DA:133,32
LF:24
LH:21
BRDA:65,0,0,16
BRDA:65,0,1,8
BRDA:67,1,0,0
BRDA:67,1,1,16
BRDA:83,2,0,24
BRDA:83,2,1,16
BRDA:88,3,0,16
BRDA:88,3,1,8
BRDA:91,4,0,8
BRDA:91,4,1,0
BRDA:93,5,0,0
BRDA:93,5,1,16
BRDA:128,6,0,2
BRDA:128,6,1,22
BRF:14
BRH:11
end_of_record
TN:
SF:/Users/sth1pal/Documents/Development/JavaScript/nodejs/ts6/dev/hsLibs/mithril/hsLayout/src/view/Layouter.ts
FN:111,(anonymous_0)
FN:54,(anonymous_1)
FN:56,(anonymous_2)
FN:76,(anonymous_3)
FN:89,(anonymous_4)
FN:91,(anonymous_5)
FNF:6
FNH:6
FNDA:6,(anonymous_0)
FNDA:6,(anonymous_1)
FNDA:12,(anonymous_2)
FNDA:9,(anonymous_3)
FNDA:24,(anonymous_4)
FNDA:48,(anonymous_5)
DA:13,5
DA:38,5
DA:43,5
DA:55,6
DA:56,6
DA:57,12
DA:58,12
DA:59,8
DA:60,4
DA:62,0
DA:78,9
DA:90,24
DA:91,24
DA:92,48
DA:93,6
DA:94,6
DA:95,6
DA:97,42
DA:99,24
DA:103,6
DA:111,6
LF:21
LH:20
BRDA:55,0,0,0
BRDA:55,0,1,6
BRDA:57,1,0,12
BRDA:57,1,1,0
BRDA:58,2,0,4
BRDA:58,2,1,8
BRDA:59,3,0,4
BRDA:59,3,1,4
BRDA:60,4,0,4
BRDA:60,4,1,0
BRDA:92,5,0,6
BRDA:92,5,1,42
BRF:12
BRH:9
end_of_record
TN:
SF:/Users/sth1pal/Documents/Development/JavaScript/nodejs/ts6/dev/hsLibs/mithril/hsLayout/src/view/PillaredLayouter.ts
FN:99,(anonymous_0)
FN:108,(anonymous_1)
FN:112,(anonymous_2)
FN:116,(anonymous_3)
FN:130,(anonymous_4)
FN:136,(anonymous_5)
FN:146,(anonymous_6)
FN:151,(anonymous_7)
FN:154,pass
FN:156,(anonymous_9)
FN:167,(anonymous_10)
FN:168,(anonymous_11)
FN:172,(anonymous_12)
FN:180,(anonymous_13)
FN:197,(anonymous_14)
FN:220,(anonymous_15)
FN:223,(anonymous_16)
FN:225,(anonymous_17)
FN:285,(anonymous_18)
FN:342,(anonymous_19)
FNF:20
FNH:20
FNDA:4,(anonymous_0)
FNDA:6,(anonymous_1)
FNDA:8,(anonymous_2)
FNDA:4,(anonymous_3)
FNDA:4,(anonymous_4)
FNDA:8,(anonymous_5)
FNDA:2,(anonymous_6)
FNDA:4,(anonymous_7)
FNDA:4,pass
FNDA:6,(anonymous_9)
FNDA:4,(anonymous_10)
FNDA:2,(anonymous_11)
FNDA:2,(anonymous_12)
FNDA:4,(anonymous_13)
FNDA:2,(anonymous_14)
FNDA:4,(anonymous_15)
FNDA:8,(anonymous_16)
FNDA:24,(anonymous_17)
FNDA:2,(anonymous_18)
FNDA:2,(anonymous_19)
DA:44,3
DA:45,3
DA:63,3
DA:70,3
DA:99,4
DA:100,4
DA:101,4
DA:102,4
DA:104,4
DA:105,4
DA:106,4
DA:108,6
DA:112,4
DA:113,8
DA:116,4
DA:117,4
DA:119,4
DA:120,4
DA:131,4
DA:132,4
DA:133,4
DA:134,4
DA:136,4
DA:137,8
DA:138,8
DA:139,8
DA:140,8
DA:141,4
DA:142,8
DA:147,2
DA:148,2
DA:149,2
DA:151,4
DA:152,2
DA:155,4
DA:156,4
DA:157,6
DA:158,6
DA:159,4
DA:160,4
DA:161,4
DA:162,4
DA:163,4
DA:167,4
DA:168,2
DA:169,2
DA:173,2
DA:174,2
DA:176,2
DA:179,2
DA:180,2
DA:181,4
DA:182,2
DA:183,2
DA:184,2
DA:185,2
DA:186,2
DA:187,2
DA:188,2
DA:189,2
DA:190,2
DA:191,0
DA:192,4
DA:196,2
DA:197,2
DA:198,2
DA:199,2
DA:200,0
DA:201,0
DA:202,0
DA:204,2
DA:205,0
DA:207,2
DA:209,0
DA:211,2
DA:221,4
DA:222,4
DA:223,4
DA:224,8
DA:225,24
DA:227,4
DA:285,2
DA:342,2
DA:345,3
DA:346,3
LF:85
LH:79
BRDA:109,0,0,2
BRDA:109,0,1,2
BRDA:113,1,0,4
BRDA:113,1,1,4
BRDA:117,2,0,0
BRDA:117,2,1,4
BRDA:139,3,0,0
BRDA:139,3,1,8
BRDA:140,4,0,4
BRDA:140,4,1,4
BRDA:141,5,0,0
BRDA:141,5,1,4
BRDA:141,6,0,4
BRDA:141,6,1,4
BRDA:151,7,0,2
BRDA:151,7,1,2
BRDA:157,8,0,6
BRDA:157,8,1,4
BRDA:158,9,0,2
BRDA:158,9,1,4
BRDA:181,10,0,2
BRDA:181,10,1,2
BRDA:183,11,0,2
BRDA:183,11,1,2
BRDA:183,12,0,2
BRDA:183,12,1,2
BRDA:186,13,0,2
BRDA:186,13,1,0
BRDA:187,14,0,2
BRDA:187,14,1,0
BRDA:191,15,0,0
BRDA:191,15,1,0
BRDA:199,16,0,0
BRDA:199,16,1,2
BRDA:200,17,0,0
BRDA:200,17,1,0
BRDA:200,18,0,0
BRDA:200,18,1,0
BRDA:204,19,0,0
BRDA:204,19,1,2
BRDA:204,20,0,2
BRDA:204,20,1,0
BRF:42
BRH:28
end_of_record
TN:
SF:/Users/sth1pal/Documents/Development/JavaScript/nodejs/ts6/dev/hsLibs/mithril/hsLayout/src/view/TileLayouter.ts
FN:82,(anonymous_0)
FN:86,(anonymous_1)
FN:90,(anonymous_2)
FN:92,(anonymous_3)
FN:105,(anonymous_4)
FN:121,(anonymous_5)
FN:136,(anonymous_6)
FN:156,(anonymous_7)
FN:158,(anonymous_8)
FNF:9
FNH:9
FNDA:2,(anonymous_0)
FNDA:3,(anonymous_1)
FNDA:1,(anonymous_2)
FNDA:2,(anonymous_3)
FNDA:2,(anonymous_4)
FNDA:1,(anonymous_5)
FNDA:2,(anonymous_6)
FNDA:2,(anonymous_7)
FNDA:4,(anonymous_8)
DA:63,3
DA:64,3
DA:82,2
DA:83,2
DA:86,3
DA:91,1
DA:92,2
DA:93,1
DA:94,1
DA:95,1
DA:96,1
DA:97,1
DA:98,1
DA:100,1
DA:101,1
DA:102,1
DA:103,1
DA:105,1
DA:106,2
DA:107,2
DA:108,2
DA:109,2
DA:110,2
DA:115,2
DA:116,2
DA:118,1
DA:122,1
DA:124,1
DA:125,1
DA:126,1
DA:127,1
DA:128,1
DA:129,1
DA:131,1
DA:132,1
DA:133,1
DA:134,1
DA:136,1
DA:137,2
DA:138,2
DA:139,2
DA:144,2
DA:145,2
DA:147,1
DA:157,2
DA:158,2
DA:159,4
DA:161,2
DA:166,3
LF:49
LH:49
BRDA:87,0,0,1
BRDA:87,0,1,1
BRDA:96,1,0,1
BRDA:96,1,1,0
BRDA:97,2,0,1
BRDA:97,2,1,0
BRDA:98,3,0,1
BRDA:98,3,1,0
BRDA:100,4,0,1
BRDA:100,4,1,0
BRDA:101,5,0,1
BRDA:101,5,1,0
BRDA:108,6,0,0
BRDA:108,6,1,2
BRDA:108,7,0,2
BRDA:108,7,1,0
BRDA:109,8,0,0
BRDA:109,8,1,2
BRDA:109,9,0,2
BRDA:109,9,1,0
BRDA:115,10,0,0
BRDA:115,10,1,2
BRDA:127,11,0,1
BRDA:127,11,1,0
BRDA:128,12,0,1
BRDA:128,12,1,0
BRDA:129,13,0,1
BRDA:129,13,1,0
BRDA:131,14,0,1
BRDA:131,14,1,0
BRDA:132,15,0,1
BRDA:132,15,1,0
BRDA:144,16,0,2
BRDA:144,16,1,0
BRF:34
BRH:18
end_of_record
TN:
SF:/Users/sth1pal/Documents/Development/JavaScript/nodejs/ts6/dev/hsLibs/mithril/hsLayout/src/view/Tokens.ts
FN:10,(anonymous_0)
FN:11,(anonymous_1)
FN:18,(anonymous_2)
FN:25,(anonymous_3)
FN:32,(anonymous_4)
FN:39,(anonymous_5)
FN:46,px
FN:52,pc
FNF:8
FNH:8
FNDA:15,(anonymous_0)
FNDA:10,(anonymous_1)
FNDA:9,(anonymous_2)
FNDA:6,(anonymous_3)
FNDA:5,(anonymous_4)
FNDA:4,(anonymous_5)
FNDA:5,px
FNDA:4,pc
DA:9,5
DA:10,15
DA:11,10
DA:17,5
DA:18,9
DA:24,5
DA:25,6
DA:31,5
DA:32,5
DA:38,5
DA:39,4
DA:46,5
DA:52,5
DA:57,5
LF:14
LH:14
BRF:0
BRH:0
end_of_record
