TN:
SF:/Users/sth1pal/Documents/Development/JavaScript/nodejs/ts6/dev/hsLibs/mithril/hsLayout/src/Config.ts
FN:97,(anonymous_7)
FN:106,(anonymous_9)
FN:124,translate
FN:132,(anonymous_11)
FN:165,resolve
FN:168,(anonymous_13)
FN:173,isSynonym
FNF:7
FNH:7
FNDA:1,(anonymous_7)
FNDA:1,(anonymous_9)
FNDA:29,translate
FNDA:28,(anonymous_11)
FNDA:28,resolve
FNDA:28,(anonymous_13)
FNDA:29,isSynonym
DA:90,4
DA:91,4
DA:96,4
DA:98,1
DA:99,1
DA:100,1
DA:103,1
DA:107,1
DA:108,1
DA:109,1
DA:126,29
DA:128,29
DA:129,15
DA:131,15
DA:132,15
DA:133,28
DA:134,28
DA:136,28
DA:137,4
DA:138,4
DA:142,4
DA:148,24
DA:149,9
DA:151,24
DA:154,15
DA:166,28
DA:168,28
DA:169,28
DA:170,28
DA:173,29
LF:30
LH:30
BRDA:99,0,0,1
BRDA:99,0,1,0
BRDA:101,1,0,0
BRDA:101,1,1,1
BRDA:109,2,0,1
BRDA:109,2,1,0
BRDA:109,3,0,1
BRDA:109,3,1,1
BRDA:126,4,0,7
BRDA:126,4,1,22
BRDA:128,5,0,14
BRDA:128,5,1,15
BRDA:129,6,0,7
BRDA:129,6,1,8
BRDA:136,7,0,4
BRDA:136,7,1,24
BRDA:143,8,0,4
BRDA:143,8,1,0
BRDA:142,9,0,4
BRDA:142,9,1,4
BRDA:148,10,0,9
BRDA:148,10,1,15
BRDA:173,11,0,29
BRDA:173,11,1,17
BRF:24
BRH:20
end_of_record
TN:
SF:/Users/sth1pal/Documents/Development/JavaScript/nodejs/ts6/dev/hsLibs/mithril/hsLayout/src/index.ts
FNF:0
FNH:0
DA:6,4
DA:7,4
DA:9,4
DA:10,4
DA:11,4
DA:12,4
DA:13,4
DA:14,4
LF:8
LH:8
BRF:0
BRH:0
end_of_record
TN:
SF:/Users/sth1pal/Documents/Development/JavaScript/nodejs/ts6/dev/hsLibs/mithril/hsLayout/src/mithril.ts
FNF:0
FNH:0
DA:9,5
LF:1
LH:1
BRF:0
BRH:0
end_of_record
TN:
SF:/Users/sth1pal/Documents/Development/JavaScript/nodejs/ts6/dev/hsLibs/mithril/hsLayout/src/view/Layout.ts
FN:64,(anonymous_0)
FN:66,(anonymous_1)
FN:82,(anonymous_2)
FN:87,(anonymous_3)
FN:92,(anonymous_4)
FN:119,(anonymous_5)
FN:133,(anonymous_6)
FNF:7
FNH:7
FNDA:36,(anonymous_0)
FNDA:24,(anonymous_1)
FNDA:36,(anonymous_2)
FNDA:36,(anonymous_3)
FNDA:24,(anonymous_4)
FNDA:36,(anonymous_5)
FNDA:48,(anonymous_6)
DA:18,5
DA:19,5
DA:44,5
DA:65,36
DA:67,24
DA:68,3
DA:69,3
DA:71,21
DA:83,36
DA:88,36
DA:89,21
DA:91,15
DA:92,12
DA:93,24
DA:97,3
DA:120,36
DA:121,36
DA:122,36
DA:127,36
DA:128,36
DA:129,2
DA:130,2
DA:131,2
DA:133,48
LF:24
LH:24
BRDA:65,0,0,24
BRDA:65,0,1,12
BRDA:67,1,0,3
BRDA:67,1,1,21
BRDA:83,2,0,36
BRDA:83,2,1,26
BRDA:88,3,0,21
BRDA:88,3,1,15
BRDA:91,4,0,12
BRDA:91,4,1,3
BRDA:93,5,0,0
BRDA:93,5,1,24
BRDA:128,6,0,2
BRDA:128,6,1,34
BRF:14
BRH:13
end_of_record
TN:
SF:/Users/sth1pal/Documents/Development/JavaScript/nodejs/ts6/dev/hsLibs/mithril/hsLayout/src/view/Layouter.ts
FN:111,(anonymous_0)
FN:54,(anonymous_1)
FN:56,(anonymous_2)
FN:76,(anonymous_3)
FN:89,(anonymous_4)
FN:91,(anonymous_5)
FNF:6
FNH:6
FNDA:9,(anonymous_0)
FNDA:9,(anonymous_1)
FNDA:19,(anonymous_2)
FNDA:12,(anonymous_3)
FNDA:36,(anonymous_4)
FNDA:79,(anonymous_5)
DA:13,6
DA:38,6
DA:43,6
DA:55,9
DA:56,9
DA:57,19
DA:58,19
DA:59,11
DA:60,7
DA:62,0
DA:78,12
DA:90,36
DA:91,36
DA:92,79
DA:93,9
DA:95,9
DA:97,70
DA:99,36
DA:103,9
DA:111,9
LF:20
LH:19
BRDA:55,0,0,0
BRDA:55,0,1,9
BRDA:57,1,0,19
BRDA:57,1,1,0
BRDA:58,2,0,8
BRDA:58,2,1,11
BRDA:59,3,0,4
BRDA:59,3,1,7
BRDA:60,4,0,7
BRDA:60,4,1,0
BRDA:92,5,0,9
BRDA:92,5,1,70
BRF:12
BRH:9
end_of_record
TN:
SF:/Users/sth1pal/Documents/Development/JavaScript/nodejs/ts6/dev/hsLibs/mithril/hsLayout/src/view/PillaredLayouter.ts
FN:99,(anonymous_0)
FN:108,(anonymous_1)
FN:112,(anonymous_2)
FN:116,(anonymous_3)
FN:130,(anonymous_4)
FN:136,(anonymous_5)
FN:146,(anonymous_6)
FN:151,(anonymous_7)
FN:154,pass
FN:156,(anonymous_9)
FN:167,(anonymous_10)
FN:168,(anonymous_11)
FN:172,(anonymous_12)
FN:180,(anonymous_13)
FN:199,(anonymous_14)
FN:222,(anonymous_15)
FN:225,(anonymous_16)
FN:227,(anonymous_17)
FN:287,(anonymous_18)
FN:344,(anonymous_19)
FNF:20
FNH:20
FNDA:7,(anonymous_0)
FNDA:9,(anonymous_1)
FNDA:14,(anonymous_2)
FNDA:8,(anonymous_3)
FNDA:7,(anonymous_4)
FNDA:15,(anonymous_5)
FNDA:2,(anonymous_6)
FNDA:4,(anonymous_7)
FNDA:4,pass
FNDA:6,(anonymous_9)
FNDA:4,(anonymous_10)
FNDA:2,(anonymous_11)
FNDA:5,(anonymous_12)
FNDA:11,(anonymous_13)
FNDA:6,(anonymous_14)
FNDA:7,(anonymous_15)
FNDA:15,(anonymous_16)
FNDA:45,(anonymous_17)
FNDA:4,(anonymous_18)
FNDA:3,(anonymous_19)
DA:44,4
DA:45,4
DA:63,4
DA:70,4
DA:99,7
DA:100,7
DA:101,7
DA:102,7
DA:104,7
DA:105,7
DA:106,7
DA:108,9
DA:112,7
DA:113,14
DA:116,7
DA:117,8
DA:119,7
DA:120,7
DA:131,7
DA:132,7
DA:133,7
DA:134,7
DA:136,7
DA:137,15
DA:138,15
DA:139,15
DA:140,14
DA:141,7
DA:142,15
DA:147,2
DA:148,2
DA:149,2
DA:151,4
DA:152,2
DA:155,4
DA:156,4
DA:157,6
DA:158,6
DA:159,4
DA:160,4
DA:161,4
DA:162,4
DA:163,4
DA:167,4
DA:168,2
DA:169,2
DA:173,5
DA:174,5
DA:176,5
DA:179,5
DA:180,5
DA:181,11
DA:182,5
DA:183,5
DA:184,5
DA:185,5
DA:186,6
DA:187,5
DA:188,5
DA:189,5
DA:190,5
DA:191,1
DA:192,1
DA:194,10
DA:198,5
DA:199,5
DA:200,6
DA:201,6
DA:202,1
DA:203,1
DA:204,1
DA:206,5
DA:207,1
DA:209,5
DA:211,1
DA:213,5
DA:223,7
DA:224,7
DA:225,7
DA:226,15
DA:227,45
DA:229,7
DA:287,4
DA:344,3
DA:347,4
DA:348,4
LF:86
LH:86
BRDA:109,0,0,5
BRDA:109,0,1,2
BRDA:113,1,0,7
BRDA:113,1,1,7
BRDA:117,2,0,1
BRDA:117,2,1,7
BRDA:139,3,0,1
BRDA:139,3,1,14
BRDA:140,4,0,7
BRDA:140,4,1,7
BRDA:141,5,0,0
BRDA:141,5,1,7
BRDA:141,6,0,7
BRDA:141,6,1,7
BRDA:151,7,0,2
BRDA:151,7,1,2
BRDA:157,8,0,6
BRDA:157,8,1,4
BRDA:158,9,0,2
BRDA:158,9,1,4
BRDA:181,10,0,5
BRDA:181,10,1,6
BRDA:183,11,0,5
BRDA:183,11,1,5
BRDA:183,12,0,5
BRDA:183,12,1,5
BRDA:186,13,0,5
BRDA:186,13,1,1
BRDA:187,14,0,5
BRDA:187,14,1,0
BRDA:191,15,0,1
BRDA:191,15,1,0
BRDA:201,16,0,1
BRDA:201,16,1,5
BRDA:202,17,0,1
BRDA:202,17,1,1
BRDA:202,18,0,1
BRDA:202,18,1,1
BRDA:206,19,0,1
BRDA:206,19,1,4
BRDA:206,20,0,5
BRDA:206,20,1,1
BRF:42
BRH:39
end_of_record
TN:
SF:/Users/sth1pal/Documents/Development/JavaScript/nodejs/ts6/dev/hsLibs/mithril/hsLayout/src/view/TileLayouter.ts
FN:82,(anonymous_0)
FN:86,(anonymous_1)
FN:90,(anonymous_2)
FN:92,(anonymous_3)
FN:105,(anonymous_4)
FN:121,(anonymous_5)
FN:136,(anonymous_6)
FN:156,(anonymous_7)
FN:158,(anonymous_8)
FNF:9
FNH:9
FNDA:2,(anonymous_0)
FNDA:3,(anonymous_1)
FNDA:1,(anonymous_2)
FNDA:2,(anonymous_3)
FNDA:2,(anonymous_4)
FNDA:1,(anonymous_5)
FNDA:2,(anonymous_6)
FNDA:2,(anonymous_7)
FNDA:4,(anonymous_8)
DA:63,4
DA:64,4
DA:82,2
DA:83,2
DA:86,3
DA:91,1
DA:92,2
DA:93,1
DA:94,1
DA:95,1
DA:96,1
DA:97,1
DA:98,1
DA:100,1
DA:101,1
DA:102,1
DA:103,1
DA:105,1
DA:106,2
DA:107,2
DA:108,2
DA:109,2
DA:110,2
DA:115,2
DA:116,2
DA:118,1
DA:122,1
DA:124,1
DA:125,1
DA:126,1
DA:127,1
DA:128,1
DA:129,1
DA:131,1
DA:132,1
DA:133,1
DA:134,1
DA:136,1
DA:137,2
DA:138,2
DA:139,2
DA:144,2
DA:145,2
DA:147,1
DA:157,2
DA:158,2
DA:159,4
DA:161,2
DA:166,4
LF:49
LH:49
BRDA:87,0,0,1
BRDA:87,0,1,1
BRDA:96,1,0,1
BRDA:96,1,1,0
BRDA:97,2,0,1
BRDA:97,2,1,0
BRDA:98,3,0,1
BRDA:98,3,1,0
BRDA:100,4,0,1
BRDA:100,4,1,0
BRDA:101,5,0,1
BRDA:101,5,1,0
BRDA:108,6,0,0
BRDA:108,6,1,2
BRDA:108,7,0,2
BRDA:108,7,1,0
BRDA:109,8,0,0
BRDA:109,8,1,2
BRDA:109,9,0,2
BRDA:109,9,1,0
BRDA:115,10,0,0
BRDA:115,10,1,2
BRDA:127,11,0,1
BRDA:127,11,1,0
BRDA:128,12,0,1
BRDA:128,12,1,0
BRDA:129,13,0,1
BRDA:129,13,1,0
BRDA:131,14,0,1
BRDA:131,14,1,0
BRDA:132,15,0,1
BRDA:132,15,1,0
BRDA:144,16,0,2
BRDA:144,16,1,0
BRF:34
BRH:18
end_of_record
TN:
SF:/Users/sth1pal/Documents/Development/JavaScript/nodejs/ts6/dev/hsLibs/mithril/hsLayout/src/view/Tokens.ts
FN:10,(anonymous_0)
FN:11,(anonymous_1)
FN:18,(anonymous_2)
FN:25,(anonymous_3)
FN:32,(anonymous_4)
FN:39,(anonymous_5)
FN:46,px
FN:52,pc
FNF:8
FNH:8
FNDA:20,(anonymous_0)
FNDA:14,(anonymous_1)
FNDA:13,(anonymous_2)
FNDA:7,(anonymous_3)
FNDA:9,(anonymous_4)
FNDA:4,(anonymous_5)
FNDA:9,px
FNDA:4,pc
DA:9,6
DA:10,20
DA:11,14
DA:17,6
DA:18,13
DA:24,6
DA:25,7
DA:31,6
DA:32,9
DA:38,6
DA:39,4
DA:46,9
DA:52,6
DA:57,6
LF:14
LH:14
BRF:0
BRH:0
end_of_record
